number,value,datetime_start,datetime_complete,duration,params_colsample_bytree,params_learning_rate,params_max_depth,params_min_child_weight,params_n_estimators,params_reg_alpha,params_reg_lambda,params_subsample,system_attrs_tpe:relative_params:0,state
48,0.33366486253874006,2026-10-10 16:13:19.119836,2026-10-10 16:13:19.865819,0 days 00:00:00.745983,0.6472453545300868,0.01808741558522747,2,8.548996765007352,630,4.705004794890335,0.0016299767670999866,0.7864948322601178,"{""colsample_bytree"": 0.6472453545300868, ""learning_rate"": 0.01808741558522747, ""max_depth"": 2, ""min_child_weight"": 8.548996765007352, ""n_estimators"": 630, ""reg_alpha"": 4.705004794890335, ""reg_lambda"": 0.0016299767670999866, ""subsample"": 0.7864948322601178}",COMPLETE
49,0.3321153489599376,2026-10-10 16:13:19.865849,2026-10-10 16:13:20.844343,0 days 00:00:00.978494,0.651163686785552,0.011234434656845076,2,12.584411727140736,744,5.914005590942703,0.5828329566367059,0.8618647376862942,"{""colsample_bytree"": 0.651163686785552, ""learning_rate"": 0.011234434656845076, ""max_depth"": 2, ""min_child_weight"": 12.584411727140736, ""n_estimators"": 744, ""reg_alpha"": 5.914005590942703, ""reg_lambda"": 0.5828329566367059, ""subsample"": 0.8618647376862942}",COMPLETE
50,0.33174946199967675,2026-10-10 16:13:20.844442,2026-10-10 16:13:21.711387,0 days 00:00:00.866945,0.613468934056094,0.010891581978822541,2,9.983152564611071,717,7.822409278800739,0.11383227893914635,0.7115132386967099,"{""colsample_bytree"": 0.613468934056094, ""learning_rate"": 0.010891581978822541, ""max_depth"": 2, ""min_child_weight"": 9.983152564611071, ""n_estimators"": 717, ""reg_alpha"": 7.822409278800739, ""reg_lambda"": 0.11383227893914635, ""subsample"": 0.7115132386967099}",COMPLETE
51,0.3314762779090153,2026-10-10 16:13:21.711417,2026-10-10 16:13:22.511552,0 days 00:00:00.800135,0.6748186789508992,0.01139964360312465,2,5.215283759453779,673,9.973267066101844,0.5399400684510719,0.7844017105714343,"{""colsample_bytree"": 0.6748186789508992, ""learning_rate"": 0.01139964360312465, ""max_depth"": 2, ""min_child_weight"": 5.215283759453779, ""n_estimators"": 673, ""reg_alpha"": 9.973267066101844, ""reg_lambda"": 0.5399400684510719, ""subsample"": 0.7844017105714343}",COMPLETE
52,0.3344209628659328,2026-10-10 16:13:22.511580,2026-10-10 16:13:23.263962,0 days 00:00:00.752382,0.6334081893790456,0.011084451902209974,2,16.74397188630457,642,8.206080534397884,0.7005536376791327,0.7265421980859152,"{""colsample_bytree"": 0.6334081893790456, ""learning_rate"": 0.011084451902209974, ""max_depth"": 2, ""min_child_weight"": 16.74397188630457, ""n_estimators"": 642, ""reg_alpha"": 8.206080534397884, ""reg_lambda"": 0.7005536376791327, ""subsample"": 0.7265421980859152}",COMPLETE
53,0.3324185542085731,2026-10-10 16:13:23.263992,2026-10-10 16:13:24.040758,0 days 00:00:00.776766,0.6242159860076791,0.01295184993624394,2,11.41132370738076,645,4.80970866437048,1.4484776338609373,0.7687592638813299,"{""colsample_bytree"": 0.6242159860076791, ""learning_rate"": 0.01295184993624394, ""max_depth"": 2, ""min_child_weight"": 11.41132370738076, ""n_estimators"": 645, ""reg_alpha"": 4.80970866437048, ""reg_lambda"": 1.4484776338609373, ""subsample"": 0.7687592638813299}",COMPLETE
54,0.3340334749437268,2026-10-10 16:13:24.040787,2026-10-10 16:13:24.956274,0 days 00:00:00.915487,0.6719963166448872,0.020848446458168933,2,3.4707103633477256,732,4.522150276406649,1.681465035415447,0.7772777143959939,"{""colsample_bytree"": 0.6719963166448872, ""learning_rate"": 0.020848446458168933, ""max_depth"": 2, ""min_child_weight"": 3.4707103633477256, ""n_estimators"": 732, ""reg_alpha"": 4.522150276406649, ""reg_lambda"": 1.681465035415447, ""subsample"": 0.7772777143959939}",COMPLETE
55,0.32475763317679157,2026-10-10 16:13:24.956303,2026-10-10 16:13:26.134087,0 days 00:00:01.177784,0.6688635630655629,0.013706271724066308,2,2.0339373455046887,601,0.4383005030784125,1.2277901543451253,0.786735682217444,"{""colsample_bytree"": 0.6688635630655629, ""learning_rate"": 0.013706271724066308, ""max_depth"": 2, ""min_child_weight"": 2.0339373455046887, ""n_estimators"": 601, ""reg_alpha"": 0.4383005030784125, ""reg_lambda"": 1.2277901543451253, ""subsample"": 0.786735682217444}",COMPLETE
56,0.3323449067657099,2026-10-10 16:13:26.134153,2026-10-10 16:13:27.209233,0 days 00:00:01.075080,0.6392691788389818,0.011542898217732122,2,13.07376136640126,678,2.0096289325648438,0.388654440510039,0.7757580767062432,"{""colsample_bytree"": 0.6392691788389818, ""learning_rate"": 0.011542898217732122, ""max_depth"": 2, ""min_child_weight"": 13.07376136640126, ""n_estimators"": 678, ""reg_alpha"": 2.0096289325648438, ""reg_lambda"": 0.388654440510039, ""subsample"": 0.7757580767062432}",COMPLETE
57,0.3325686455539443,2026-10-10 16:13:27.209265,2026-10-10 16:13:28.139767,0 days 00:00:00.930502,0.6768326339758112,0.012927575053381142,2,12.77945841716328,600,5.127936863087732,2.28147516466821,0.7631312889213449,"{""colsample_bytree"": 0.6768326339758112, ""learning_rate"": 0.012927575053381142, ""max_depth"": 2, ""min_child_weight"": 12.77945841716328, ""n_estimators"": 600, ""reg_alpha"": 5.127936863087732, ""reg_lambda"": 2.28147516466821, ""subsample"": 0.7631312889213449}",COMPLETE
58,0.32920360368620355,2026-10-10 16:13:28.139798,2026-10-10 16:13:30.363570,0 days 00:00:02.223772,0.65614303888051,0.012222637305675488,2,7.377187092916655,691,4.558255622625463,0.006642855418850341,0.7891443855599016,"{""colsample_bytree"": 0.65614303888051, ""learning_rate"": 0.012222637305675488, ""max_depth"": 2, ""min_child_weight"": 7.377187092916655, ""n_estimators"": 691, ""reg_alpha"": 4.558255622625463, ""reg_lambda"": 0.006642855418850341, ""subsample"": 0.7891443855599016}",COMPLETE
59,0.32790739817427017,2026-10-10 16:13:30.363856,2026-10-10 16:13:31.549308,0 days 00:00:01.185452,0.6848970203655569,0.01163652684459072,2,6.997530884445474,663,2.372960619512829,0.7201324069104018,0.7723010389674783,"{""colsample_bytree"": 0.6848970203655569, ""learning_rate"": 0.01163652684459072, ""max_depth"": 2, ""min_child_weight"": 6.997530884445474, ""n_estimators"": 663, ""reg_alpha"": 2.372960619512829, ""reg_lambda"": 0.7201324069104018, ""subsample"": 0.7723010389674783}",COMPLETE
60,0.33455612689763903,2026-10-10 16:13:31.549340,2026-10-10 16:13:32.469946,0 days 00:00:00.920606,0.6656083457006053,0.0179291835031662,2,8.786920766405801,716,6.6118906660268895,0.006217299068755493,0.7877481238877103,"{""colsample_bytree"": 0.6656083457006053, ""learning_rate"": 0.0179291835031662, ""max_depth"": 2, ""min_child_weight"": 8.786920766405801, ""n_estimators"": 716, ""reg_alpha"": 6.6118906660268895, ""reg_lambda"": 0.006217299068755493, ""subsample"": 0.7877481238877103}",COMPLETE
61,0.3292368936189173,2026-10-10 16:13:32.469977,2026-10-10 16:13:33.321968,0 days 00:00:00.851991,0.7068005128571858,0.012123732478387444,2,3.7357863557747457,597,3.9434639758042036,2.929445069991247,0.7677323454837804,"{""colsample_bytree"": 0.7068005128571858, ""learning_rate"": 0.012123732478387444, ""max_depth"": 2, ""min_child_weight"": 3.7357863557747457, ""n_estimators"": 597, ""reg_alpha"": 3.9434639758042036, ""reg_lambda"": 2.929445069991247, ""subsample"": 0.7677323454837804}",COMPLETE
62,0.3298745151962355,2026-10-10 16:13:33.322002,2026-10-10 16:13:34.342064,0 days 00:00:01.020062,0.6641548479715706,0.0127899586058917,2,6.581550405279328,718,3.4097446867156003,0.00507788851263678,0.7787071565716019,"{""colsample_bytree"": 0.6641548479715706, ""learning_rate"": 0.0127899586058917, ""max_depth"": 2, ""min_child_weight"": 6.581550405279328, ""n_estimators"": 718, ""reg_alpha"": 3.4097446867156003, ""reg_lambda"": 0.00507788851263678, ""subsample"": 0.7787071565716019}",COMPLETE
63,0.3315233941001786,2026-10-10 16:13:34.342094,2026-10-10 16:13:35.074639,0 days 00:00:00.732545,0.6598442758337355,0.015252327004191886,2,9.617866367834118,514,5.311079431368364,4.189244638745851,0.7575376501974553,"{""colsample_bytree"": 0.6598442758337355, ""learning_rate"": 0.015252327004191886, ""max_depth"": 2, ""min_child_weight"": 9.617866367834118, ""n_estimators"": 514, ""reg_alpha"": 5.311079431368364, ""reg_lambda"": 4.189244638745851, ""subsample"": 0.7575376501974553}",COMPLETE
64,0.33268050603482396,2026-10-10 16:13:35.074670,2026-10-10 16:13:36.415883,0 days 00:00:01.341213,0.6775864942703164,0.014379445131668181,2,9.00897247035359,654,3.2175964339355785,1.3518247463082906,0.7777814510810764,"{""colsample_bytree"": 0.6775864942703164, ""learning_rate"": 0.014379445131668181, ""max_depth"": 2, ""min_child_weight"": 9.00897247035359, ""n_estimators"": 654, ""reg_alpha"": 3.2175964339355785, ""reg_lambda"": 1.3518247463082906, ""subsample"": 0.7777814510810764}",COMPLETE
65,0.33107681127470673,2026-10-10 16:13:36.415920,2026-10-10 16:13:37.331585,0 days 00:00:00.915665,0.6947546249766974,0.011161344103199657,2,1.1329366860876342,551,5.1232604087406735,3.2258452165519813,0.7076618630260264,"{""colsample_bytree"": 0.6947546249766974, ""learning_rate"": 0.011161344103199657, ""max_depth"": 2, ""min_child_weight"": 1.1329366860876342, ""n_estimators"": 551, ""reg_alpha"": 5.1232604087406735, ""reg_lambda"": 3.2258452165519813, ""subsample"": 0.7076618630260264}",COMPLETE
66,0.32679185735514493,2026-10-10 16:13:37.331620,2026-10-10 16:13:37.978655,0 days 00:00:00.647035,0.6871053474105497,0.011186409768156472,2,6.392732212601392,507,2.9058676354923985,1.0496274512740411,0.7866425687667488,"{""colsample_bytree"": 0.6871053474105497, ""learning_rate"": 0.011186409768156472, ""max_depth"": 2, ""min_child_weight"": 6.392732212601392, ""n_estimators"": 507, ""reg_alpha"": 2.9058676354923985, ""reg_lambda"": 1.0496274512740411, ""subsample"": 0.7866425687667488}",COMPLETE
67,0.32944242362258214,2026-10-10 16:13:37.978685,2026-10-10 16:13:38.596964,0 days 00:00:00.618279,0.7103702992695962,0.01057204294642538,2,5.610329456869643,477,2.966715186493458,2.7572320650915088,0.7998116806927886,"{""colsample_bytree"": 0.7103702992695962, ""learning_rate"": 0.01057204294642538, ""max_depth"": 2, ""min_child_weight"": 5.610329456869643, ""n_estimators"": 477, ""reg_alpha"": 2.966715186493458, ""reg_lambda"": 2.7572320650915088, ""subsample"": 0.7998116806927886}",COMPLETE
68,0.3314083347292439,2026-10-10 16:13:38.596999,2026-10-10 16:13:39.418646,0 days 00:00:00.821647,0.627907345376161,0.01661765363780903,2,4.355626152368908,635,3.336421192111293,2.2417411062582127,0.7228176109010369,"{""colsample_bytree"": 0.627907345376161, ""learning_rate"": 0.01661765363780903, ""max_depth"": 2, ""min_child_weight"": 4.355626152368908, ""n_estimators"": 635, ""reg_alpha"": 3.336421192111293, ""reg_lambda"": 2.2417411062582127, ""subsample"": 0.7228176109010369}",COMPLETE
69,0.32737962536274046,2026-10-10 16:13:39.418675,2026-10-10 16:13:40.253319,0 days 00:00:00.834644,0.681031600207062,0.012140532771998627,2,5.652429457648648,670,2.878714100155341,0.3049909426682678,0.7967312485839246,"{""colsample_bytree"": 0.681031600207062, ""learning_rate"": 0.012140532771998627, ""max_depth"": 2, ""min_child_weight"": 5.652429457648648, ""n_estimators"": 670, ""reg_alpha"": 2.878714100155341, ""reg_lambda"": 0.3049909426682678, ""subsample"": 0.7967312485839246}",COMPLETE
70,0.3318416962258671,2026-10-10 16:13:40.253379,2026-10-10 16:13:41.082622,0 days 00:00:00.829243,0.6845152814192941,0.011095218205356975,2,13.612167095125729,665,5.01203911427426,0.27892230426214537,0.7734108827983363,"{""colsample_bytree"": 0.6845152814192941, ""learning_rate"": 0.011095218205356975, ""max_depth"": 2, ""min_child_weight"": 13.612167095125729, ""n_estimators"": 665, ""reg_alpha"": 5.01203911427426, ""reg_lambda"": 0.27892230426214537, ""subsample"": 0.7734108827983363}",COMPLETE
71,0.32529305187999624,2026-10-10 16:13:41.082652,2026-10-10 16:13:41.896514,0 days 00:00:00.813862,0.6853605442586592,0.011243881288924848,2,2.3807885448271673,658,2.0073995901315422,0.4919579978623507,0.7766685401466266,"{""colsample_bytree"": 0.6853605442586592, ""learning_rate"": 0.011243881288924848, ""max_depth"": 2, ""min_child_weight"": 2.3807885448271673, ""n_estimators"": 658, ""reg_alpha"": 2.0073995901315422, ""reg_lambda"": 0.4919579978623507, ""subsample"": 0.7766685401466266}",COMPLETE
72,0.32466460426718674,2026-10-10 16:13:41.896543,2026-10-10 16:13:42.722806,0 days 00:00:00.826263,0.6565603867624975,0.01046451160362371,2,1.2004168515198677,694,1.7024572278243917,0.39462995749490565,0.8048857670669962,"{""colsample_bytree"": 0.6565603867624975, ""learning_rate"": 0.01046451160362371, ""max_depth"": 2, ""min_child_weight"": 1.2004168515198677, ""n_estimators"": 694, ""reg_alpha"": 1.7024572278243917, ""reg_lambda"": 0.39462995749490565, ""subsample"": 0.8048857670669962}",COMPLETE
73,0.32971665227075664,2026-10-10 16:13:42.722838,2026-10-10 16:13:43.460790,0 days 00:00:00.737952,0.6404493017502249,0.01300801596417393,2,6.333437764423418,595,5.974058626848264,1.2073950754789649,0.790873641482011,"{""colsample_bytree"": 0.6404493017502249, ""learning_rate"": 0.01300801596417393, ""max_depth"": 2, ""min_child_weight"": 6.333437764423418, ""n_estimators"": 595, ""reg_alpha"": 5.974058626848264, ""reg_lambda"": 1.2073950754789649, ""subsample"": 0.790873641482011}",COMPLETE
74,0.3269373000875514,2026-10-10 16:13:43.460830,2026-10-10 16:13:44.135097,0 days 00:00:00.674267,0.660137382597222,0.010079206153653592,2,5.76100632329679,537,1.322527108304723,1.2750354074385413,0.7788682837353033,"{""colsample_bytree"": 0.660137382597222, ""learning_rate"": 0.010079206153653592, ""max_depth"": 2, ""min_child_weight"": 5.76100632329679, ""n_estimators"": 537, ""reg_alpha"": 1.322527108304723, ""reg_lambda"": 1.2750354074385413, ""subsample"": 0.7788682837353033}",COMPLETE
75,0.3261857210933684,2026-10-10 16:13:44.135130,2026-10-10 16:13:44.714630,0 days 00:00:00.579500,0.6883076808405274,0.011512526081405159,2,5.5561871084923995,502,1.3766802560190505,1.3014530344349533,0.7619568822467753,"{""colsample_bytree"": 0.6883076808405274, ""learning_rate"": 0.011512526081405159, ""max_depth"": 2, ""min_child_weight"": 5.5561871084923995, ""n_estimators"": 502, ""reg_alpha"": 1.3766802560190505, ""reg_lambda"": 1.3014530344349533, ""subsample"": 0.7619568822467753}",COMPLETE
76,0.32512334755384165,2026-10-10 16:13:44.714660,2026-10-10 16:13:45.513519,0 days 00:00:00.798859,0.6705023704367122,0.010428075063838688,2,2.953941113725053,641,1.529693609490133,1.236216926628871,0.7557692141805384,"{""colsample_bytree"": 0.6705023704367122, ""learning_rate"": 0.010428075063838688, ""max_depth"": 2, ""min_child_weight"": 2.953941113725053, ""n_estimators"": 641, ""reg_alpha"": 1.529693609490133, ""reg_lambda"": 1.236216926628871, ""subsample"": 0.7557692141805384}",COMPLETE
77,0.3268110190152428,2026-10-10 16:13:45.513549,2026-10-10 16:13:46.656896,0 days 00:00:01.143347,0.7201089649182006,0.011215179879699812,2,2.8322360239307964,760,1.9637543480367248,0.46321177841543215,0.7894383299422618,"{""colsample_bytree"": 0.7201089649182006, ""learning_rate"": 0.011215179879699812, ""max_depth"": 2, ""min_child_weight"": 2.8322360239307964, ""n_estimators"": 760, ""reg_alpha"": 1.9637543480367248, ""reg_lambda"": 0.46321177841543215, ""subsample"": 0.7894383299422618}",COMPLETE
78,0.32590259699813495,2026-10-10 16:13:46.656965,2026-10-10 16:13:47.351346,0 days 00:00:00.694381,0.7172159197663595,0.01168715383812668,2,3.377114532718145,664,0.955893538838867,0.5305413188118746,0.7652007636739412,"{""colsample_bytree"": 0.7172159197663595, ""learning_rate"": 0.01168715383812668, ""max_depth"": 2, ""min_child_weight"": 3.377114532718145, ""n_estimators"": 664, ""reg_alpha"": 0.955893538838867, ""reg_lambda"": 0.5305413188118746, ""subsample"": 0.7652007636739412}",COMPLETE
79,0.32698168349610773,2026-10-10 16:13:47.351375,2026-10-10 16:13:47.997825,0 days 00:00:00.646450,0.6794977237227837,0.012285688475091957,2,4.764174961373778,647,1.5042696712141979,1.5133634959430853,0.8068785511538159,"{""colsample_bytree"": 0.6794977237227837, ""learning_rate"": 0.012285688475091957, ""max_depth"": 2, ""min_child_weight"": 4.764174961373778, ""n_estimators"": 647, ""reg_alpha"": 1.5042696712141979, ""reg_lambda"": 1.5133634959430853, ""subsample"": 0.8068785511538159}",COMPLETE
80,0.32494032258852495,2026-10-10 16:13:47.997861,2026-10-10 16:13:48.624117,0 days 00:00:00.626256,0.743698864402994,0.010102079888515416,2,3.333195275660335,658,1.606619105903431,0.7105304145245419,0.7845760694340174,"{""colsample_bytree"": 0.743698864402994, ""learning_rate"": 0.010102079888515416, ""max_depth"": 2, ""min_child_weight"": 3.333195275660335, ""n_estimators"": 658, ""reg_alpha"": 1.606619105903431, ""reg_lambda"": 0.7105304145245419, ""subsample"": 0.7845760694340174}",COMPLETE
81,0.3275966867757845,2026-10-10 16:13:48.624148,2026-10-10 16:13:49.257935,0 days 00:00:00.633787,0.7078987063213179,0.011486343678722154,2,5.054133213416865,656,1.0840692870498005,1.4414452072415496,0.7434457950497376,"{""colsample_bytree"": 0.7078987063213179, ""learning_rate"": 0.011486343678722154, ""max_depth"": 2, ""min_child_weight"": 5.054133213416865, ""n_estimators"": 656, ""reg_alpha"": 1.0840692870498005, ""reg_lambda"": 1.4414452072415496, ""subsample"": 0.7434457950497376}",COMPLETE
82,0.32610690166096784,2026-10-10 16:13:49.257965,2026-10-10 16:13:49.901052,0 days 00:00:00.643087,0.6402466053611631,0.012172944528565002,2,1.824910919635079,662,1.72972035500234,0.3511716091050274,0.7587710910334787,"{""colsample_bytree"": 0.6402466053611631, ""learning_rate"": 0.012172944528565002, ""max_depth"": 2, ""min_child_weight"": 1.824910919635079, ""n_estimators"": 662, ""reg_alpha"": 1.72972035500234, ""reg_lambda"": 0.3511716091050274, ""subsample"": 0.7587710910334787}",COMPLETE
83,0.3246402730105333,2026-10-10 16:13:49.901081,2026-10-10 16:13:50.584963,0 days 00:00:00.683882,0.6657501061965349,0.011243999592764073,2,1.4680974255786237,625,1.732878231256024,0.9618017975465187,0.7820610803252439,"{""colsample_bytree"": 0.6657501061965349, ""learning_rate"": 0.011243999592764073, ""max_depth"": 2, ""min_child_weight"": 1.4680974255786237, ""n_estimators"": 625, ""reg_alpha"": 1.732878231256024, ""reg_lambda"": 0.9618017975465187, ""subsample"": 0.7820610803252439}",COMPLETE
84,0.3271927084912692,2026-10-10 16:13:50.584993,2026-10-10 16:13:51.307916,0 days 00:00:00.722923,0.6434225367446329,0.01170036108833935,2,2.6827558295490643,635,2.433202238532932,0.9857865626226809,0.7477492349917313,"{""colsample_bytree"": 0.6434225367446329, ""learning_rate"": 0.01170036108833935, ""max_depth"": 2, ""min_child_weight"": 2.6827558295490643, ""n_estimators"": 635, ""reg_alpha"": 2.433202238532932, ""reg_lambda"": 0.9857865626226809, ""subsample"": 0.7477492349917313}",COMPLETE
85,0.32512861977389085,2026-10-10 16:13:51.307947,2026-10-10 16:13:52.118777,0 days 00:00:00.810830,0.7739363917179322,0.010359465216238805,2,3.1093800591206104,649,2.423393556928615,0.3844906671439227,0.7792469638077631,"{""colsample_bytree"": 0.7739363917179322, ""learning_rate"": 0.010359465216238805, ""max_depth"": 2, ""min_child_weight"": 3.1093800591206104, ""n_estimators"": 649, ""reg_alpha"": 2.423393556928615, ""reg_lambda"": 0.3844906671439227, ""subsample"": 0.7792469638077631}",COMPLETE
86,0.32301161990738436,2026-10-10 16:13:52.118806,2026-10-10 16:13:52.906023,0 days 00:00:00.787217,0.6448216950602352,0.010298994334777892,2,1.6000270152059966,645,1.32266318319684,0.5843626781530802,0.7861646912991861,"{""colsample_bytree"": 0.6448216950602352, ""learning_rate"": 0.010298994334777892, ""max_depth"": 2, ""min_child_weight"": 1.6000270152059966, ""n_estimators"": 645, ""reg_alpha"": 1.32266318319684, ""reg_lambda"": 0.5843626781530802, ""subsample"": 0.7861646912991861}",COMPLETE
87,0.32442084427431667,2026-10-10 16:13:52.906051,2026-10-10 16:13:53.768829,0 days 00:00:00.862778,0.6801205996612012,0.010560166080564624,2,2.4570019553763585,694,1.5999786227829702,0.37230642061088853,0.7776265210937909,"{""colsample_bytree"": 0.6801205996612012, ""learning_rate"": 0.010560166080564624, ""max_depth"": 2, ""min_child_weight"": 2.4570019553763585, ""n_estimators"": 694, ""reg_alpha"": 1.5999786227829702, ""reg_lambda"": 0.37230642061088853, ""subsample"": 0.7776265210937909}",COMPLETE
88,0.32742559237437996,2026-10-10 16:13:53.768867,2026-10-10 16:13:54.602918,0 days 00:00:00.834051,0.6550988064756766,0.01461869062892008,2,1.041449667346098,654,2.8059321388868854,0.2260961266831756,0.8218050483202353,"{""colsample_bytree"": 0.6550988064756766, ""learning_rate"": 0.01461869062892008, ""max_depth"": 2, ""min_child_weight"": 1.041449667346098, ""n_estimators"": 654, ""reg_alpha"": 2.8059321388868854, ""reg_lambda"": 0.2260961266831756, ""subsample"": 0.8218050483202353}",COMPLETE
89,0.32818953395634975,2026-10-10 16:13:54.602949,2026-10-10 16:13:55.407468,0 days 00:00:00.804519,0.7280246669380471,0.014484100289818237,2,1.6814219217701356,675,2.1051217642049043,0.7924184152516053,0.7861571161653149,"{""colsample_bytree"": 0.7280246669380471, ""learning_rate"": 0.014484100289818237, ""max_depth"": 2, ""min_child_weight"": 1.6814219217701356, ""n_estimators"": 675, ""reg_alpha"": 2.1051217642049043, ""reg_lambda"": 0.7924184152516053, ""subsample"": 0.7861571161653149}",COMPLETE
90,0.327106176657909,2026-10-10 16:13:55.407496,2026-10-10 16:13:56.309448,0 days 00:00:00.901952,0.6770908268134282,0.011690566353710588,2,1.8529053368954642,689,2.3520640726638185,1.2076284672194697,0.805058084991297,"{""colsample_bytree"": 0.6770908268134282, ""learning_rate"": 0.011690566353710588, ""max_depth"": 2, ""min_child_weight"": 1.8529053368954642, ""n_estimators"": 689, ""reg_alpha"": 2.3520640726638185, ""reg_lambda"": 1.2076284672194697, ""subsample"": 0.805058084991297}",COMPLETE
