number,value,datetime_start,datetime_complete,duration,params_colsample_bytree,params_learning_rate,params_max_depth,params_min_child_weight,params_n_estimators,params_reg_alpha,params_reg_lambda,params_subsample,system_attrs_tpe:relative_params:0,state
91,0.32634345011765764,2026-10-10 16:13:56.309476,2026-10-10 16:13:57.120597,0 days 00:00:00.811121,0.7239634540643844,0.01089705912188242,2,4.2467329212120015,656,1.9446031018948204,1.1380333490422678,0.7870805712671323,"{""colsample_bytree"": 0.7239634540643844, ""learning_rate"": 0.01089705912188242, ""max_depth"": 2, ""min_child_weight"": 4.2467329212120015, ""n_estimators"": 656, ""reg_alpha"": 1.9446031018948204, ""reg_lambda"": 1.1380333490422678, ""subsample"": 0.7870805712671323}",COMPLETE
92,0.3243959313678571,2026-10-10 16:13:57.120631,2026-10-10 16:13:57.810129,0 days 00:00:00.689498,0.700266461584109,0.011770787405438184,2,4.860839452120246,565,0.955575459560153,0.9612534563901425,0.7935411865075561,"{""colsample_bytree"": 0.700266461584109, ""learning_rate"": 0.011770787405438184, ""max_depth"": 2, ""min_child_weight"": 4.860839452120246, ""n_estimators"": 565, ""reg_alpha"": 0.955575459560153, ""reg_lambda"": 0.9612534563901425, ""subsample"": 0.7935411865075561}",COMPLETE
93,0.3283358486083757,2026-10-10 16:13:57.810160,2026-10-10 16:13:58.574601,0 days 00:00:00.764441,0.6783965420818128,0.014599599533593213,2,1.1331927618562292,644,2.5116882773451112,0.22401529024827171,0.7770718871065971,"{""colsample_bytree"": 0.6783965420818128, ""learning_rate"": 0.014599599533593213, ""max_depth"": 2, ""min_child_weight"": 1.1331927618562292, ""n_estimators"": 644, ""reg_alpha"": 2.5116882773451112, ""reg_lambda"": 0.22401529024827171, ""subsample"": 0.7770718871065971}",COMPLETE
94,0.32449723550597565,2026-10-10 16:13:58.574630,2026-10-10 16:13:59.315341,0 days 00:00:00.740711,0.6960703170985614,0.010657194419600648,2,3.003893157161921,634,1.0123388932621598,0.6423715161747776,0.7480463233082517,"{""colsample_bytree"": 0.6960703170985614, ""learning_rate"": 0.010657194419600648, ""max_depth"": 2, ""min_child_weight"": 3.003893157161921, ""n_estimators"": 634, ""reg_alpha"": 1.0123388932621598, ""reg_lambda"": 0.6423715161747776, ""subsample"": 0.7480463233082517}",COMPLETE
95,0.32822120260838894,2026-10-10 16:13:59.315370,2026-10-10 16:14:00.111321,0 days 00:00:00.795951,0.650798627187703,0.013146328372382068,2,3.9286619467028396,663,2.9799404415268205,0.4142976769785498,0.7957161106546504,"{""colsample_bytree"": 0.650798627187703, ""learning_rate"": 0.013146328372382068, ""max_depth"": 2, ""min_child_weight"": 3.9286619467028396, ""n_estimators"": 663, ""reg_alpha"": 2.9799404415268205, ""reg_lambda"": 0.4142976769785498, ""subsample"": 0.7957161106546504}",COMPLETE
96,0.32533236597834775,2026-10-10 16:14:00.111351,2026-10-10 16:14:01.018366,0 days 00:00:00.907015,0.7123902966156987,0.010676447716482119,2,4.193672026210643,759,0.8317145736814343,0.619525411024918,0.7853364500016071,"{""colsample_bytree"": 0.7123902966156987, ""learning_rate"": 0.010676447716482119, ""max_depth"": 2, ""min_child_weight"": 4.193672026210643, ""n_estimators"": 759, ""reg_alpha"": 0.8317145736814343, ""reg_lambda"": 0.619525411024918, ""subsample"": 0.7853364500016071}",COMPLETE
97,0.32552874187907915,2026-10-10 16:14:01.018395,2026-10-10 16:14:01.889141,0 days 00:00:00.870746,0.6780115329678713,0.01152420077616925,2,5.281352566565569,604,0.5403336266816943,1.7939474298518203,0.7773194314658409,"{""colsample_bytree"": 0.6780115329678713, ""learning_rate"": 0.01152420077616925, ""max_depth"": 2, ""min_child_weight"": 5.281352566565569, ""n_estimators"": 604, ""reg_alpha"": 0.5403336266816943, ""reg_lambda"": 1.7939474298518203, ""subsample"": 0.7773194314658409}",COMPLETE
98,0.32270122473080093,2026-10-10 16:14:01.889189,2026-10-10 16:14:02.603546,0 days 00:00:00.714357,0.6782681475740795,0.010078199874402023,2,2.7949809591832775,597,0.5458013042470626,0.5793438362893054,0.7969312675391906,"{""colsample_bytree"": 0.6782681475740795, ""learning_rate"": 0.010078199874402023, ""max_depth"": 2, ""min_child_weight"": 2.7949809591832775, ""n_estimators"": 597, ""reg_alpha"": 0.5458013042470626, ""reg_lambda"": 0.5793438362893054, ""subsample"": 0.7969312675391906}",COMPLETE
99,0.32374126192949165,2026-10-10 16:14:02.603573,2026-10-10 16:14:03.884102,0 days 00:00:01.280529,0.6255738404240666,0.011097020687039978,2,2.553812513059109,653,1.1921553564920857,0.47996866212695605,0.7767494332364316,"{""colsample_bytree"": 0.6255738404240666, ""learning_rate"": 0.011097020687039978, ""max_depth"": 2, ""min_child_weight"": 2.553812513059109, ""n_estimators"": 653, ""reg_alpha"": 1.1921553564920857, ""reg_lambda"": 0.47996866212695605, ""subsample"": 0.7767494332364316}",COMPLETE
