number,value,datetime_start,datetime_complete,duration,params_colsample_bytree,params_learning_rate,params_max_depth,params_min_child_weight,params_n_estimators,params_reg_alpha,params_reg_lambda,params_subsample,system_attrs_tpe:relative_params:0,state
0,0.3725195018524931,2026-10-10 16:12:30.634512,2026-10-10 16:12:31.839069,0 days 00:00:01.204557,0.8583576452266625,0.0852084800119005,4,27.699275966847946,643,0.05627932047415167,3.6905577292137615,0.7694619197355619,,COMPLETE
1,0.36337797655961557,2026-10-10 16:12:31.839101,2026-10-10 16:12:33.770459,0 days 00:00:01.931358,0.9702386553170644,0.03154052496956797,6,26.91585106789232,813,0.0019237305096546497,0.002231090560744304,0.827217824437573,,COMPLETE
2,0.3615922152832585,2026-10-10 16:12:33.770499,2026-10-10 16:12:34.978916,0 days 00:00:01.208417,0.9196634256866895,0.12113325685093146,2,43.63059526409414,801,0.07013219779945795,1.3246974647468452,0.9914473368931056,,COMPLETE
3,0.34332497576408694,2026-10-10 16:12:34.978952,2026-10-10 16:12:35.258991,0 days 00:00:00.280039,0.7658647759962094,0.0680074425948075,2,47.28877693542961,229,0.011434638743472197,1.250071223083626,0.8087393287000286,,COMPLETE
4,0.34088067037496433,2026-10-10 16:12:35.259028,2026-10-10 16:12:35.509196,0 days 00:00:00.250168,0.8467735987499028,0.054897127184964416,4,31.264139356717976,116,5.9565160187105715,0.5336803302756714,0.8448382890889685,,COMPLETE
5,0.40214592593118725,2026-10-10 16:12:35.509228,2026-10-10 16:12:36.771101,0 days 00:00:01.261873,0.8682551478472638,0.03703323754998522,3,3.951048109834222,728,0.0069427294924301495,0.0032787264983352763,0.8667066861782671,,COMPLETE
6,0.3471294999643487,2026-10-10 16:12:36.771134,2026-10-10 16:12:37.871497,0 days 00:00:01.100363,0.6408179242992113,0.029730254214469846,3,22.4914741596537,613,0.006847105576684045,0.004418125737902547,0.9953495352236905,,COMPLETE
7,0.35233747569179014,2026-10-10 16:12:37.871552,2026-10-10 16:12:39.271163,0 days 00:00:01.399611,0.644150056465722,0.021356986471473192,5,12.976854008078535,520,0.42200573971950167,0.003570522756718293,0.6635878334582078,,COMPLETE
8,0.33789739915001615,2026-10-10 16:12:39.271213,2026-10-10 16:12:40.462529,0 days 00:00:01.191316,0.6384393631575852,0.03018022736113482,2,5.757962513860003,839,8.050778165087026,0.07492121411354245,0.9351779629995216,,COMPLETE
9,0.49311755895008635,2026-10-10 16:12:40.462560,2026-10-10 16:12:42.581748,0 days 00:00:02.119188,0.6480786244852675,0.061224065356728224,6,2.9202018204617133,766,0.015295398277813739,0.002984770033451216,0.7131227850305638,,COMPLETE
10,0.40609898477421147,2026-10-10 16:12:42.581786,2026-10-10 16:12:44.054024,0 days 00:00:01.472238,0.8538838274475309,0.030187658822602638,5,2.065898691921298,551,0.6135856118678615,0.0052194128043833365,0.9761434017276905,"{""colsample_bytree"": 0.8538838274475309, ""learning_rate"": 0.030187658822602638, ""max_depth"": 5, ""min_child_weight"": 2.065898691921298, ""n_estimators"": 551, ""reg_alpha"": 0.6135856118678615, ""reg_lambda"": 0.0052194128043833365, ""subsample"": 0.9761434017276905}",COMPLETE
11,0.3380652187607854,2026-10-10 16:12:44.054058,2026-10-10 16:12:44.375048,0 days 00:00:00.320990,0.6280692185040886,0.016369908809849124,2,26.972035881472493,254,1.6520842105482996,0.06054831820655335,0.8559695782163388,"{""colsample_bytree"": 0.6280692185040886, ""learning_rate"": 0.016369908809849124, ""max_depth"": 2, ""min_child_weight"": 26.972035881472493, ""n_estimators"": 254, ""reg_alpha"": 1.6520842105482996, ""reg_lambda"": 0.06054831820655335, ""subsample"": 0.8559695782163388}",COMPLETE
12,0.3425020873502512,2026-10-10 16:12:44.375080,2026-10-10 16:12:45.073806,0 days 00:00:00.698726,0.6628803752896039,0.03857166867830467,2,9.521101537976168,550,3.4275489176156704,0.06891492710681571,0.8124520842076721,"{""colsample_bytree"": 0.6628803752896039, ""learning_rate"": 0.03857166867830467, ""max_depth"": 2, ""min_child_weight"": 9.521101537976168, ""n_estimators"": 550, ""reg_alpha"": 3.4275489176156704, ""reg_lambda"": 0.06891492710681571, ""subsample"": 0.8124520842076721}",COMPLETE
13,0.3742718997435082,2026-10-10 16:12:45.073882,2026-10-10 16:12:45.277834,0 days 00:00:00.203952,0.6046175021802382,0.013641026999062224,2,19.52306415544848,156,1.5320706625653946,0.057973492947428436,0.8134830892102558,"{""colsample_bytree"": 0.6046175021802382, ""learning_rate"": 0.013641026999062224, ""max_depth"": 2, ""min_child_weight"": 19.52306415544848, ""n_estimators"": 156, ""reg_alpha"": 1.5320706625653946, ""reg_lambda"": 0.057973492947428436, ""subsample"": 0.8134830892102558}",COMPLETE
14,0.3828450478872635,2026-10-10 16:12:45.277865,2026-10-10 16:12:46.613204,0 days 00:00:01.335339,0.6734804097486018,0.06967988403564727,2,4.419474540418223,905,2.6214158202429965,0.27872950653523487,0.942817927929542,"{""colsample_bytree"": 0.6734804097486018, ""learning_rate"": 0.06967988403564727, ""max_depth"": 2, ""min_child_weight"": 4.419474540418223, ""n_estimators"": 905, ""reg_alpha"": 2.6214158202429965, ""reg_lambda"": 0.27872950653523487, ""subsample"": 0.942817927929542}",COMPLETE
15,0.34441707569711755,2026-10-10 16:12:46.613232,2026-10-10 16:12:47.536981,0 days 00:00:00.923749,0.6254095031530114,0.03054507580199267,2,20.841503880998367,744,0.4329033189338553,0.35657105093288427,0.8881678302145097,"{""colsample_bytree"": 0.6254095031530114, ""learning_rate"": 0.03054507580199267, ""max_depth"": 2, ""min_child_weight"": 20.841503880998367, ""n_estimators"": 744, ""reg_alpha"": 0.4329033189338553, ""reg_lambda"": 0.35657105093288427, ""subsample"": 0.8881678302145097}",COMPLETE
16,0.3444218731398588,2026-10-10 16:12:47.537010,2026-10-10 16:12:48.747821,0 days 00:00:01.210811,0.6567243674724799,0.025736412835491083,3,21.076160285830674,765,3.951612860470202,0.012424737829891752,0.9321680406911661,"{""colsample_bytree"": 0.6567243674724799, ""learning_rate"": 0.025736412835491083, ""max_depth"": 3, ""min_child_weight"": 21.076160285830674, ""n_estimators"": 765, ""reg_alpha"": 3.951612860470202, ""reg_lambda"": 0.012424737829891752, ""subsample"": 0.9321680406911661}",COMPLETE
17,0.34427561935211076,2026-10-10 16:12:48.747849,2026-10-10 16:12:49.223932,0 days 00:00:00.476083,0.621604562090815,0.04033696673076685,2,47.43385089703035,392,7.946986304162025,0.05015598603806656,0.7986310940678985,"{""colsample_bytree"": 0.621604562090815, ""learning_rate"": 0.04033696673076685, ""max_depth"": 2, ""min_child_weight"": 47.43385089703035, ""n_estimators"": 392, ""reg_alpha"": 7.946986304162025, ""reg_lambda"": 0.05015598603806656, ""subsample"": 0.7986310940678985}",COMPLETE
18,0.34866186777366986,2026-10-10 16:12:49.223966,2026-10-10 16:12:50.183363,0 days 00:00:00.959397,0.7072351085223323,0.040294902781189676,3,6.354354529737671,586,5.653921152465368,0.03479866188155004,0.9296641006617279,"{""colsample_bytree"": 0.7072351085223323, ""learning_rate"": 0.040294902781189676, ""max_depth"": 3, ""min_child_weight"": 6.354354529737671, ""n_estimators"": 586, ""reg_alpha"": 5.653921152465368, ""reg_lambda"": 0.03479866188155004, ""subsample"": 0.9296641006617279}",COMPLETE
19,0.3322584322712635,2026-10-10 16:12:50.183401,2026-10-10 16:12:50.934703,0 days 00:00:00.751302,0.7321846086037233,0.016818548984523077,2,8.758606723789535,614,9.243653914188428,0.1757559482700865,0.8877843147964585,"{""colsample_bytree"": 0.7321846086037233, ""learning_rate"": 0.016818548984523077, ""max_depth"": 2, ""min_child_weight"": 8.758606723789535, ""n_estimators"": 614, ""reg_alpha"": 9.243653914188428, ""reg_lambda"": 0.1757559482700865, ""subsample"": 0.8877843147964585}",COMPLETE
20,0.335270600278772,2026-10-10 16:12:50.934732,2026-10-10 16:12:52.082720,0 days 00:00:01.147988,0.7132005707658231,0.021120874368456704,2,9.286305521834935,787,9.425177352908403,0.03691309907072954,0.8520833645769437,"{""colsample_bytree"": 0.7132005707658231, ""learning_rate"": 0.021120874368456704, ""max_depth"": 2, ""min_child_weight"": 9.286305521834935, ""n_estimators"": 787, ""reg_alpha"": 9.425177352908403, ""reg_lambda"": 0.03691309907072954, ""subsample"": 0.8520833645769437}",COMPLETE
21,0.33980198136045575,2026-10-10 16:12:52.082748,2026-10-10 16:12:53.964977,0 days 00:00:01.882229,0.6791623057519635,0.024923877103043442,2,15.681554198694556,896,6.716168696790206,0.049524670659890344,0.8451564199716628,"{""colsample_bytree"": 0.6791623057519635, ""learning_rate"": 0.024923877103043442, ""max_depth"": 2, ""min_child_weight"": 15.681554198694556, ""n_estimators"": 896, ""reg_alpha"": 6.716168696790206, ""reg_lambda"": 0.049524670659890344, ""subsample"": 0.8451564199716628}",COMPLETE
22,0.331441164203658,2026-10-10 16:12:53.965013,2026-10-10 16:12:54.673862,0 days 00:00:00.708849,0.7272210776078244,0.017006797131715164,2,12.971705233012653,488,4.348649597196471,0.03670888053040309,0.9074254506989917,"{""colsample_bytree"": 0.7272210776078244, ""learning_rate"": 0.017006797131715164, ""max_depth"": 2, ""min_child_weight"": 12.971705233012653, ""n_estimators"": 488, ""reg_alpha"": 4.348649597196471, ""reg_lambda"": 0.03670888053040309, ""subsample"": 0.9074254506989917}",COMPLETE
23,0.3397131835460205,2026-10-10 16:12:54.673891,2026-10-10 16:12:55.770711,0 days 00:00:01.096820,0.8057095720283005,0.03048449967329583,2,1.6303038788412199,824,7.919538440148244,0.09978831700442523,0.8730051874784079,"{""colsample_bytree"": 0.8057095720283005, ""learning_rate"": 0.03048449967329583, ""max_depth"": 2, ""min_child_weight"": 1.6303038788412199, ""n_estimators"": 824, ""reg_alpha"": 7.919538440148244, ""reg_lambda"": 0.09978831700442523, ""subsample"": 0.8730051874784079}",COMPLETE
24,0.33738071811084225,2026-10-10 16:12:55.770741,2026-10-10 16:12:56.763448,0 days 00:00:00.992707,0.7781292388068396,0.020665609263905992,2,8.472293034008567,787,2.633063937128177,0.05550661056115603,0.9413959489263581,"{""colsample_bytree"": 0.7781292388068396, ""learning_rate"": 0.020665609263905992, ""max_depth"": 2, ""min_child_weight"": 8.472293034008567, ""n_estimators"": 787, ""reg_alpha"": 2.633063937128177, ""reg_lambda"": 0.05550661056115603, ""subsample"": 0.9413959489263581}",COMPLETE
25,0.3459842356781187,2026-10-10 16:12:56.763476,2026-10-10 16:12:58.127367,0 days 00:00:01.363891,0.7954158878251043,0.023816825967970533,3,7.451358509696185,827,5.918816693647195,0.06214031155753616,0.8121438941892763,"{""colsample_bytree"": 0.7954158878251043, ""learning_rate"": 0.023816825967970533, ""max_depth"": 3, ""min_child_weight"": 7.451358509696185, ""n_estimators"": 827, ""reg_alpha"": 5.918816693647195, ""reg_lambda"": 0.06214031155753616, ""subsample"": 0.8121438941892763}",COMPLETE
26,0.3438931829199961,2026-10-10 16:12:58.127421,2026-10-10 16:12:59.122543,0 days 00:00:00.995122,0.7780100402538521,0.022457685056682133,3,14.141044295653856,596,2.1413406260476715,0.08017005586136988,0.8173106603785917,"{""colsample_bytree"": 0.7780100402538521, ""learning_rate"": 0.022457685056682133, ""max_depth"": 3, ""min_child_weight"": 14.141044295653856, ""n_estimators"": 596, ""reg_alpha"": 2.1413406260476715, ""reg_lambda"": 0.08017005586136988, ""subsample"": 0.8173106603785917}",COMPLETE
27,0.32971907238056974,2026-10-10 16:12:59.122571,2026-10-10 16:13:00.119620,0 days 00:00:00.997049,0.6493588076918537,0.012468242504410433,2,5.698323260731911,646,7.304421285547141,0.02445302308808285,0.8101943811051345,"{""colsample_bytree"": 0.6493588076918537, ""learning_rate"": 0.012468242504410433, ""max_depth"": 2, ""min_child_weight"": 5.698323260731911, ""n_estimators"": 646, ""reg_alpha"": 7.304421285547141, ""reg_lambda"": 0.02445302308808285, ""subsample"": 0.8101943811051345}",COMPLETE
28,0.33178587919128144,2026-10-10 16:13:00.119716,2026-10-10 16:13:01.128971,0 days 00:00:01.009255,0.7369441581209302,0.012621268896913746,2,9.056133102798684,718,4.734052187867377,0.007120706729401191,0.8798126844948231,"{""colsample_bytree"": 0.7369441581209302, ""learning_rate"": 0.012621268896913746, ""max_depth"": 2, ""min_child_weight"": 9.056133102798684, ""n_estimators"": 718, ""reg_alpha"": 4.734052187867377, ""reg_lambda"": 0.007120706729401191, ""subsample"": 0.8798126844948231}",COMPLETE
29,0.33046836371115723,2026-10-10 16:13:01.129002,2026-10-10 16:13:02.123085,0 days 00:00:00.994083,0.8314841600372523,0.012206830427843587,2,6.792971839668503,684,5.2680090436197595,0.002910722805324633,0.8502143197711746,"{""colsample_bytree"": 0.8314841600372523, ""learning_rate"": 0.012206830427843587, ""max_depth"": 2, ""min_child_weight"": 6.792971839668503, ""n_estimators"": 684, ""reg_alpha"": 5.2680090436197595, ""reg_lambda"": 0.002910722805324633, ""subsample"": 0.8502143197711746}",COMPLETE
30,0.33116589549894027,2026-10-10 16:13:02.123113,2026-10-10 16:13:03.257878,0 days 00:00:01.134765,0.6418896801405319,0.011275614256862618,2,3.7461751907736662,774,6.0163192889007195,0.14910995128349933,0.7693251178720757,"{""colsample_bytree"": 0.6418896801405319, ""learning_rate"": 0.011275614256862618, ""max_depth"": 2, ""min_child_weight"": 3.7461751907736662, ""n_estimators"": 774, ""reg_alpha"": 6.0163192889007195, ""reg_lambda"": 0.14910995128349933, ""subsample"": 0.7693251178720757}",COMPLETE
31,0.3328211013111736,2026-10-10 16:13:03.257913,2026-10-10 16:13:04.046123,0 days 00:00:00.788210,0.6329212926277241,0.01714611849103681,2,9.749103545251836,552,2.8844956000081257,0.011053287034572631,0.8409618303045565,"{""colsample_bytree"": 0.6329212926277241, ""learning_rate"": 0.01714611849103681, ""max_depth"": 2, ""min_child_weight"": 9.749103545251836, ""n_estimators"": 552, ""reg_alpha"": 2.8844956000081257, ""reg_lambda"": 0.011053287034572631, ""subsample"": 0.8409618303045565}",COMPLETE
32,0.33358354974290017,2026-10-10 16:13:04.046150,2026-10-10 16:13:05.512714,0 days 00:00:01.466564,0.6401046080181441,0.01249608852485857,3,4.791284438738971,744,7.515784922977221,0.02843016869440482,0.7763512969990043,"{""colsample_bytree"": 0.6401046080181441, ""learning_rate"": 0.01249608852485857, ""max_depth"": 3, ""min_child_weight"": 4.791284438738971, ""n_estimators"": 744, ""reg_alpha"": 7.515784922977221, ""reg_lambda"": 0.02843016869440482, ""subsample"": 0.7763512969990043}",COMPLETE
33,0.33296981495875644,2026-10-10 16:13:05.512743,2026-10-10 16:13:06.611848,0 days 00:00:01.099105,0.692086400360872,0.014824712392843806,2,2.9275997323135736,836,6.417391837091626,0.9913942575353138,0.8268819354919685,"{""colsample_bytree"": 0.692086400360872, ""learning_rate"": 0.014824712392843806, ""max_depth"": 2, ""min_child_weight"": 2.9275997323135736, ""n_estimators"": 836, ""reg_alpha"": 6.417391837091626, ""reg_lambda"": 0.9913942575353138, ""subsample"": 0.8268819354919685}",COMPLETE
34,0.33479155538892735,2026-10-10 16:13:06.611877,2026-10-10 16:13:08.169260,0 days 00:00:01.557383,0.6632086539174733,0.010104945771646332,3,4.884603748997881,891,1.5634029591935485,0.0683149076027999,0.8115218467510316,"{""colsample_bytree"": 0.6632086539174733, ""learning_rate"": 0.010104945771646332, ""max_depth"": 3, ""min_child_weight"": 4.884603748997881, ""n_estimators"": 891, ""reg_alpha"": 1.5634029591935485, ""reg_lambda"": 0.0683149076027999, ""subsample"": 0.8115218467510316}",COMPLETE
35,0.3318961786038874,2026-10-10 16:13:08.169289,2026-10-10 16:13:09.211771,0 days 00:00:01.042482,0.6463987394931368,0.010731614161361758,2,8.669334693809272,791,3.019403665551229,0.05325472654851005,0.7073214651435922,"{""colsample_bytree"": 0.6463987394931368, ""learning_rate"": 0.010731614161361758, ""max_depth"": 2, ""min_child_weight"": 8.669334693809272, ""n_estimators"": 791, ""reg_alpha"": 3.019403665551229, ""reg_lambda"": 0.05325472654851005, ""subsample"": 0.7073214651435922}",COMPLETE
36,0.3335073976358607,2026-10-10 16:13:09.211799,2026-10-10 16:13:10.474091,0 days 00:00:01.262292,0.6329996456935415,0.014207233161941803,2,2.4890077059636146,952,4.659145325808377,0.0763709807447838,0.7145840962680124,"{""colsample_bytree"": 0.6329996456935415, ""learning_rate"": 0.014207233161941803, ""max_depth"": 2, ""min_child_weight"": 2.4890077059636146, ""n_estimators"": 952, ""reg_alpha"": 4.659145325808377, ""reg_lambda"": 0.0763709807447838, ""subsample"": 0.7145840962680124}",COMPLETE
37,0.3320580222069862,2026-10-10 16:13:10.474119,2026-10-10 16:13:11.260778,0 days 00:00:00.786659,0.7026194617729835,0.01757205846703979,2,4.39324962773905,658,2.7542597420483994,0.10733812928177303,0.7423873516538548,"{""colsample_bytree"": 0.7026194617729835, ""learning_rate"": 0.01757205846703979, ""max_depth"": 2, ""min_child_weight"": 4.39324962773905, ""n_estimators"": 658, ""reg_alpha"": 2.7542597420483994, ""reg_lambda"": 0.10733812928177303, ""subsample"": 0.7423873516538548}",COMPLETE
38,0.33057070802027333,2026-10-10 16:13:11.260807,2026-10-10 16:13:12.018544,0 days 00:00:00.757737,0.6207456432152055,0.010766776942590083,2,13.939853021153949,636,5.412097305632713,0.6814243295313533,0.8122894786667332,"{""colsample_bytree"": 0.6207456432152055, ""learning_rate"": 0.010766776942590083, ""max_depth"": 2, ""min_child_weight"": 13.939853021153949, ""n_estimators"": 636, ""reg_alpha"": 5.412097305632713, ""reg_lambda"": 0.6814243295313533, ""subsample"": 0.8122894786667332}",COMPLETE
39,0.33579444674081016,2026-10-10 16:13:12.018573,2026-10-10 16:13:12.916497,0 days 00:00:00.897924,0.6259818919224504,0.018899022787467464,2,11.49968068447232,752,4.003334498150604,0.37028405695550803,0.8131071658634809,"{""colsample_bytree"": 0.6259818919224504, ""learning_rate"": 0.018899022787467464, ""max_depth"": 2, ""min_child_weight"": 11.49968068447232, ""n_estimators"": 752, ""reg_alpha"": 4.003334498150604, ""reg_lambda"": 0.37028405695550803, ""subsample"": 0.8131071658634809}",COMPLETE
40,0.33095337743661185,2026-10-10 16:13:12.916525,2026-10-10 16:13:13.734756,0 days 00:00:00.818231,0.6702960100955788,0.010259140325637817,2,8.071156186826162,688,6.335683429930565,0.6424686208860201,0.7024969682672164,"{""colsample_bytree"": 0.6702960100955788, ""learning_rate"": 0.010259140325637817, ""max_depth"": 2, ""min_child_weight"": 8.071156186826162, ""n_estimators"": 688, ""reg_alpha"": 6.335683429930565, ""reg_lambda"": 0.6424686208860201, ""subsample"": 0.7024969682672164}",COMPLETE
41,0.3290094067265362,2026-10-10 16:13:13.734785,2026-10-10 16:13:14.534702,0 days 00:00:00.799917,0.6514275595253575,0.011849822587009945,2,7.298543828260763,673,3.354158042501921,0.4985124129522096,0.7500285443402387,"{""colsample_bytree"": 0.6514275595253575, ""learning_rate"": 0.011849822587009945, ""max_depth"": 2, ""min_child_weight"": 7.298543828260763, ""n_estimators"": 673, ""reg_alpha"": 3.354158042501921, ""reg_lambda"": 0.4985124129522096, ""subsample"": 0.7500285443402387}",COMPLETE
42,0.33367979966113726,2026-10-10 16:13:14.534731,2026-10-10 16:13:15.310415,0 days 00:00:00.775684,0.6376376825235294,0.012839349106282077,2,17.05238941960946,651,7.271699065279472,0.30476716759715894,0.7813506730902788,"{""colsample_bytree"": 0.6376376825235294, ""learning_rate"": 0.012839349106282077, ""max_depth"": 2, ""min_child_weight"": 17.05238941960946, ""n_estimators"": 651, ""reg_alpha"": 7.271699065279472, ""reg_lambda"": 0.30476716759715894, ""subsample"": 0.7813506730902788}",COMPLETE
43,0.33184181194006845,2026-10-10 16:13:15.310443,2026-10-10 16:13:16.099016,0 days 00:00:00.788573,0.683975099916286,0.010448586127444832,2,10.904751052103139,662,8.74306563739774,0.9994519979184123,0.7360515097126453,"{""colsample_bytree"": 0.683975099916286, ""learning_rate"": 0.010448586127444832, ""max_depth"": 2, ""min_child_weight"": 10.904751052103139, ""n_estimators"": 662, ""reg_alpha"": 8.74306563739774, ""reg_lambda"": 0.9994519979184123, ""subsample"": 0.7360515097126453}",COMPLETE
44,0.3312884491399976,2026-10-10 16:13:16.099045,2026-10-10 16:13:16.831243,0 days 00:00:00.732198,0.6454413752482269,0.016434589881570403,2,4.968242877423991,612,5.851937571303648,1.5907934293372552,0.8485489798157544,"{""colsample_bytree"": 0.6454413752482269, ""learning_rate"": 0.016434589881570403, ""max_depth"": 2, ""min_child_weight"": 4.968242877423991, ""n_estimators"": 612, ""reg_alpha"": 5.851937571303648, ""reg_lambda"": 1.5907934293372552, ""subsample"": 0.8485489798157544}",COMPLETE
45,0.33222909703745185,2026-10-10 16:13:16.831272,2026-10-10 16:13:17.639038,0 days 00:00:00.807766,0.7456001927762231,0.013186331594218717,2,8.432220297566273,663,4.440873952971825,1.2785644201989146,0.724728574061964,"{""colsample_bytree"": 0.7456001927762231, ""learning_rate"": 0.013186331594218717, ""max_depth"": 2, ""min_child_weight"": 8.432220297566273, ""n_estimators"": 663, ""reg_alpha"": 4.440873952971825, ""reg_lambda"": 1.2785644201989146, ""subsample"": 0.724728574061964}",COMPLETE
46,0.3292245607149738,2026-10-10 16:13:17.639069,2026-10-10 16:13:18.453542,0 days 00:00:00.814473,0.6679003206827081,0.014275949197984252,2,3.52600814716612,645,1.9115210671700726,1.3193589780835955,0.7568352859844022,"{""colsample_bytree"": 0.6679003206827081, ""learning_rate"": 0.014275949197984252, ""max_depth"": 2, ""min_child_weight"": 3.52600814716612, ""n_estimators"": 645, ""reg_alpha"": 1.9115210671700726, ""reg_lambda"": 1.3193589780835955, ""subsample"": 0.7568352859844022}",COMPLETE
47,0.331518585505389,2026-10-10 16:13:18.453571,2026-10-10 16:13:19.119807,0 days 00:00:00.666236,0.6052338995521938,0.011264774132953065,2,13.019373141025236,546,4.46504364552993,0.8285801229758393,0.7378567454550161,"{""colsample_bytree"": 0.6052338995521938, ""learning_rate"": 0.011264774132953065, ""max_depth"": 2, ""min_child_weight"": 13.019373141025236, ""n_estimators"": 546, ""reg_alpha"": 4.46504364552993, ""reg_lambda"": 0.8285801229758393, ""subsample"": 0.7378567454550161}",COMPLETE
