number,value,datetime_start,datetime_complete,duration,params_colsample_bytree,params_learning_rate,params_max_depth,params_min_child_weight,params_n_estimators,params_reg_alpha,params_reg_lambda,params_subsample,system_attrs_tpe:relative_params:0,state
89,0.15259468489737918,2026-10-10 16:15:18.301290,2026-10-10 16:15:18.820642,0 days 00:00:00.519352,0.7047417615067858,0.012891138556081459,2,7.901703525156723,449,0.7341330173582982,0.007275406670795799,0.8850359916490019,"{""colsample_bytree"": 0.7047417615067858, ""learning_rate"": 0.012891138556081459, ""max_depth"": 2, ""min_child_weight"": 7.901703525156723, ""n_estimators"": 449, ""reg_alpha"": 0.7341330173582982, ""reg_lambda"": 0.007275406670795799, ""subsample"": 0.8850359916490019}",COMPLETE
90,0.1516242220978558,2026-10-10 16:15:18.820670,2026-10-10 16:15:19.402432,0 days 00:00:00.581762,0.7634719067382938,0.014781785556124733,2,3.089499540637303,472,0.45475001475766963,0.015222339324606548,0.8813809934166507,"{""colsample_bytree"": 0.7634719067382938, ""learning_rate"": 0.014781785556124733, ""max_depth"": 2, ""min_child_weight"": 3.089499540637303, ""n_estimators"": 472, ""reg_alpha"": 0.45475001475766963, ""reg_lambda"": 0.015222339324606548, ""subsample"": 0.8813809934166507}",COMPLETE
91,0.1520882825036778,2026-10-10 16:15:19.402461,2026-10-10 16:15:19.989891,0 days 00:00:00.587430,0.7593970252969696,0.01154605664283437,2,3.3530244695694438,493,0.6084933457565053,0.034110700776490074,0.87881780905026,"{""colsample_bytree"": 0.7593970252969696, ""learning_rate"": 0.01154605664283437, ""max_depth"": 2, ""min_child_weight"": 3.3530244695694438, ""n_estimators"": 493, ""reg_alpha"": 0.6084933457565053, ""reg_lambda"": 0.034110700776490074, ""subsample"": 0.87881780905026}",COMPLETE
92,0.15092428091932172,2026-10-10 16:15:19.989920,2026-10-10 16:15:20.554694,0 days 00:00:00.564774,0.8038329972325158,0.012548970986605595,2,1.2768843169879769,478,0.35500319701922495,0.01231502160541048,0.8857312255245763,"{""colsample_bytree"": 0.8038329972325158, ""learning_rate"": 0.012548970986605595, ""max_depth"": 2, ""min_child_weight"": 1.2768843169879769, ""n_estimators"": 478, ""reg_alpha"": 0.35500319701922495, ""reg_lambda"": 0.01231502160541048, ""subsample"": 0.8857312255245763}",COMPLETE
93,0.15236772761030318,2026-10-10 16:15:20.554722,2026-10-10 16:15:21.137870,0 days 00:00:00.583148,0.7197352025870866,0.013563956799562083,2,7.788129835491957,510,0.5092879079267835,0.009447129962176457,0.9012982023300181,"{""colsample_bytree"": 0.7197352025870866, ""learning_rate"": 0.013563956799562083, ""max_depth"": 2, ""min_child_weight"": 7.788129835491957, ""n_estimators"": 510, ""reg_alpha"": 0.5092879079267835, ""reg_lambda"": 0.009447129962176457, ""subsample"": 0.9012982023300181}",COMPLETE
94,0.15220498100789664,2026-10-10 16:15:21.137900,2026-10-10 16:15:21.669558,0 days 00:00:00.531658,0.7337320129203607,0.01614274277867695,2,6.3732802533479145,466,0.5580973366860756,0.006660174987664509,0.9343769555122055,"{""colsample_bytree"": 0.7337320129203607, ""learning_rate"": 0.01614274277867695, ""max_depth"": 2, ""min_child_weight"": 6.3732802533479145, ""n_estimators"": 466, ""reg_alpha"": 0.5580973366860756, ""reg_lambda"": 0.006660174987664509, ""subsample"": 0.9343769555122055}",COMPLETE
95,0.15160976741073046,2026-10-10 16:15:21.669588,2026-10-10 16:15:22.267719,0 days 00:00:00.598131,0.7092305897848171,0.011456882800475538,2,4.643155916634761,520,0.7559926593136554,0.00884259083815998,0.9108191980531434,"{""colsample_bytree"": 0.7092305897848171, ""learning_rate"": 0.011456882800475538, ""max_depth"": 2, ""min_child_weight"": 4.643155916634761, ""n_estimators"": 520, ""reg_alpha"": 0.7559926593136554, ""reg_lambda"": 0.00884259083815998, ""subsample"": 0.9108191980531434}",COMPLETE
96,0.1528909031790427,2026-10-10 16:15:22.267748,2026-10-10 16:15:22.773332,0 days 00:00:00.505584,0.744760646844232,0.011856233767228172,2,3.373819872304482,420,0.3887662138878218,0.03258922884633003,0.8959839562398001,"{""colsample_bytree"": 0.744760646844232, ""learning_rate"": 0.011856233767228172, ""max_depth"": 2, ""min_child_weight"": 3.373819872304482, ""n_estimators"": 420, ""reg_alpha"": 0.3887662138878218, ""reg_lambda"": 0.03258922884633003, ""subsample"": 0.8959839562398001}",COMPLETE
97,0.15206082344131402,2026-10-10 16:15:22.773364,2026-10-10 16:15:23.360397,0 days 00:00:00.587033,0.7755600117252908,0.014551834540058274,2,4.7355122136195265,501,0.6904775253757353,0.02404799126134099,0.8939636197844264,"{""colsample_bytree"": 0.7755600117252908, ""learning_rate"": 0.014551834540058274, ""max_depth"": 2, ""min_child_weight"": 4.7355122136195265, ""n_estimators"": 501, ""reg_alpha"": 0.6904775253757353, ""reg_lambda"": 0.02404799126134099, ""subsample"": 0.8939636197844264}",COMPLETE
98,0.1520839501702479,2026-10-10 16:15:23.360425,2026-10-10 16:15:23.986434,0 days 00:00:00.626009,0.7697891812630071,0.014237206530879112,2,5.129680649211015,519,0.47877390058810987,0.013162847703255178,0.9134043992507329,"{""colsample_bytree"": 0.7697891812630071, ""learning_rate"": 0.014237206530879112, ""max_depth"": 2, ""min_child_weight"": 5.129680649211015, ""n_estimators"": 519, ""reg_alpha"": 0.47877390058810987, ""reg_lambda"": 0.013162847703255178, ""subsample"": 0.9134043992507329}",COMPLETE
99,0.15102580272242547,2026-10-10 16:15:23.986461,2026-10-10 16:15:24.669463,0 days 00:00:00.683002,0.7000452173180952,0.012516529601542953,2,3.238463873687022,521,0.5038768187316671,0.004313131290568358,0.8864150443516914,"{""colsample_bytree"": 0.7000452173180952, ""learning_rate"": 0.012516529601542953, ""max_depth"": 2, ""min_child_weight"": 3.238463873687022, ""n_estimators"": 521, ""reg_alpha"": 0.5038768187316671, ""reg_lambda"": 0.004313131290568358, ""subsample"": 0.8864150443516914}",COMPLETE
