number,value,datetime_start,datetime_complete,duration,params_colsample_bytree,params_learning_rate,params_max_depth,params_min_child_weight,params_n_estimators,params_reg_alpha,params_reg_lambda,params_subsample,system_attrs_tpe:relative_params:0,state
0,0.17560390945693288,2026-10-10 16:14:04.240823,2026-10-10 16:14:05.886232,0 days 00:00:01.645409,0.8583576452266625,0.0852084800119005,4,27.699275966847946,643,0.05627932047415167,3.6905577292137615,0.7694619197355619,,COMPLETE
1,0.17033641168609764,2026-10-10 16:14:05.886263,2026-10-10 16:14:07.999695,0 days 00:00:02.113432,0.9702386553170644,0.03154052496956797,6,26.91585106789232,813,0.0019237305096546497,0.002231090560744304,0.827217824437573,,COMPLETE
2,0.1726419222182368,2026-10-10 16:14:07.999829,2026-10-10 16:14:09.298730,0 days 00:00:01.298901,0.9196634256866895,0.12113325685093146,2,43.63059526409414,801,0.07013219779945795,1.3246974647468452,0.9914473368931056,,COMPLETE
3,0.1629222928378953,2026-10-10 16:14:09.298759,2026-10-10 16:14:09.621113,0 days 00:00:00.322354,0.7658647759962094,0.0680074425948075,2,47.28877693542961,229,0.011434638743472197,1.250071223083626,0.8087393287000286,,COMPLETE
4,0.16054144683468624,2026-10-10 16:14:09.621141,2026-10-10 16:14:10.083713,0 days 00:00:00.462572,0.8467735987499028,0.054897127184964416,4,31.264139356717976,116,5.9565160187105715,0.5336803302756714,0.8448382890889685,,COMPLETE
5,0.18353454594132312,2026-10-10 16:14:10.083741,2026-10-10 16:14:12.028247,0 days 00:00:01.944506,0.8682551478472638,0.03703323754998522,3,3.951048109834222,728,0.0069427294924301495,0.0032787264983352763,0.8667066861782671,,COMPLETE
6,0.171000471298836,2026-10-10 16:14:12.028326,2026-10-10 16:14:13.229658,0 days 00:00:01.201332,0.6408179242992113,0.029730254214469846,3,22.4914741596537,613,0.006847105576684045,0.004418125737902547,0.9953495352236905,,COMPLETE
7,0.16662043363149834,2026-10-10 16:14:13.229692,2026-10-10 16:14:14.333275,0 days 00:00:01.103583,0.644150056465722,0.021356986471473192,5,12.976854008078535,520,0.42200573971950167,0.003570522756718293,0.6635878334582078,,COMPLETE
8,0.1563700672443023,2026-10-10 16:14:14.333303,2026-10-10 16:14:15.202494,0 days 00:00:00.869191,0.6384393631575852,0.03018022736113482,2,5.757962513860003,839,8.050778165087026,0.07492121411354245,0.9351779629995216,,COMPLETE
9,0.21360517352636754,2026-10-10 16:14:15.202523,2026-10-10 16:14:16.929678,0 days 00:00:01.727155,0.6480786244852675,0.061224065356728224,6,2.9202018204617133,766,0.015295398277813739,0.002984770033451216,0.7131227850305638,,COMPLETE
10,0.183702512081186,2026-10-10 16:14:16.929706,2026-10-10 16:14:18.357911,0 days 00:00:01.428205,0.8538838274475309,0.030187658822602638,5,2.065898691921298,551,0.6135856118678615,0.0052194128043833365,0.9761434017276905,"{""colsample_bytree"": 0.8538838274475309, ""learning_rate"": 0.030187658822602638, ""max_depth"": 5, ""min_child_weight"": 2.065898691921298, ""n_estimators"": 551, ""reg_alpha"": 0.6135856118678615, ""reg_lambda"": 0.0052194128043833365, ""subsample"": 0.9761434017276905}",COMPLETE
11,0.15950087255516482,2026-10-10 16:14:18.357943,2026-10-10 16:14:18.663386,0 days 00:00:00.305443,0.6280692185040886,0.016369908809849124,2,26.972035881472493,254,1.6520842105482996,0.06054831820655335,0.8559695782163388,"{""colsample_bytree"": 0.6280692185040886, ""learning_rate"": 0.016369908809849124, ""max_depth"": 2, ""min_child_weight"": 26.972035881472493, ""n_estimators"": 254, ""reg_alpha"": 1.6520842105482996, ""reg_lambda"": 0.06054831820655335, ""subsample"": 0.8559695782163388}",COMPLETE
12,0.16384112363620304,2026-10-10 16:14:18.663414,2026-10-10 16:14:19.351468,0 days 00:00:00.688054,0.6628803752896039,0.03857166867830467,2,9.521101537976168,550,3.4275489176156704,0.06891492710681571,0.8124520842076721,"{""colsample_bytree"": 0.6628803752896039, ""learning_rate"": 0.03857166867830467, ""max_depth"": 2, ""min_child_weight"": 9.521101537976168, ""n_estimators"": 550, ""reg_alpha"": 3.4275489176156704, ""reg_lambda"": 0.06891492710681571, ""subsample"": 0.8124520842076721}",COMPLETE
13,0.19471327236676145,2026-10-10 16:14:19.351500,2026-10-10 16:14:19.551943,0 days 00:00:00.200443,0.6046175021802382,0.013641026999062224,2,19.52306415544848,156,1.5320706625653946,0.057973492947428436,0.8134830892102558,"{""colsample_bytree"": 0.6046175021802382, ""learning_rate"": 0.013641026999062224, ""max_depth"": 2, ""min_child_weight"": 19.52306415544848, ""n_estimators"": 156, ""reg_alpha"": 1.5320706625653946, ""reg_lambda"": 0.057973492947428436, ""subsample"": 0.8134830892102558}",COMPLETE
14,0.17375515037760633,2026-10-10 16:14:19.551972,2026-10-10 16:14:20.737192,0 days 00:00:01.185220,0.6734804097486018,0.06967988403564727,2,4.419474540418223,905,2.6214158202429965,0.27872950653523487,0.942817927929542,"{""colsample_bytree"": 0.6734804097486018, ""learning_rate"": 0.06967988403564727, ""max_depth"": 2, ""min_child_weight"": 4.419474540418223, ""n_estimators"": 905, ""reg_alpha"": 2.6214158202429965, ""reg_lambda"": 0.27872950653523487, ""subsample"": 0.942817927929542}",COMPLETE
15,0.1708221125164704,2026-10-10 16:14:20.737222,2026-10-10 16:14:21.581385,0 days 00:00:00.844163,0.6254095031530114,0.03054507580199267,2,20.841503880998367,744,0.4329033189338553,0.35657105093288427,0.8881678302145097,"{""colsample_bytree"": 0.6254095031530114, ""learning_rate"": 0.03054507580199267, ""max_depth"": 2, ""min_child_weight"": 20.841503880998367, ""n_estimators"": 744, ""reg_alpha"": 0.4329033189338553, ""reg_lambda"": 0.35657105093288427, ""subsample"": 0.8881678302145097}",COMPLETE
16,0.16635822729603017,2026-10-10 16:14:21.581416,2026-10-10 16:14:23.098302,0 days 00:00:01.516886,0.6567243674724799,0.025736412835491083,3,21.076160285830674,765,3.951612860470202,0.012424737829891752,0.9321680406911661,"{""colsample_bytree"": 0.6567243674724799, ""learning_rate"": 0.025736412835491083, ""max_depth"": 3, ""min_child_weight"": 21.076160285830674, ""n_estimators"": 765, ""reg_alpha"": 3.951612860470202, ""reg_lambda"": 0.012424737829891752, ""subsample"": 0.9321680406911661}",COMPLETE
17,0.1625861252140945,2026-10-10 16:14:23.098332,2026-10-10 16:14:23.781843,0 days 00:00:00.683511,0.621604562090815,0.04033696673076685,2,47.43385089703035,392,7.946986304162025,0.05015598603806656,0.7986310940678985,"{""colsample_bytree"": 0.621604562090815, ""learning_rate"": 0.04033696673076685, ""max_depth"": 2, ""min_child_weight"": 47.43385089703035, ""n_estimators"": 392, ""reg_alpha"": 7.946986304162025, ""reg_lambda"": 0.05015598603806656, ""subsample"": 0.7986310940678985}",COMPLETE
18,0.16398609326807975,2026-10-10 16:14:23.781876,2026-10-10 16:14:25.548326,0 days 00:00:01.766450,0.7072351085223323,0.040294902781189676,3,6.354354529737671,586,5.653921152465368,0.03479866188155004,0.9296641006617279,"{""colsample_bytree"": 0.7072351085223323, ""learning_rate"": 0.040294902781189676, ""max_depth"": 3, ""min_child_weight"": 6.354354529737671, ""n_estimators"": 586, ""reg_alpha"": 5.653921152465368, ""reg_lambda"": 0.03479866188155004, ""subsample"": 0.9296641006617279}",COMPLETE
19,0.1552925888442163,2026-10-10 16:14:25.548360,2026-10-10 16:14:26.523084,0 days 00:00:00.974724,0.7321846086037233,0.016818548984523077,2,8.758606723789535,614,9.243653914188428,0.1757559482700865,0.8877843147964585,"{""colsample_bytree"": 0.7321846086037233, ""learning_rate"": 0.016818548984523077, ""max_depth"": 2, ""min_child_weight"": 8.758606723789535, ""n_estimators"": 614, ""reg_alpha"": 9.243653914188428, ""reg_lambda"": 0.1757559482700865, ""subsample"": 0.8877843147964585}",COMPLETE
20,0.15561277246288402,2026-10-10 16:14:26.523111,2026-10-10 16:14:27.412701,0 days 00:00:00.889590,0.7132005707658231,0.021120874368456704,2,9.286305521834935,787,9.425177352908403,0.03691309907072954,0.8520833645769437,"{""colsample_bytree"": 0.7132005707658231, ""learning_rate"": 0.021120874368456704, ""max_depth"": 2, ""min_child_weight"": 9.286305521834935, ""n_estimators"": 787, ""reg_alpha"": 9.425177352908403, ""reg_lambda"": 0.03691309907072954, ""subsample"": 0.8520833645769437}",COMPLETE
21,0.15916167885186921,2026-10-10 16:14:27.412767,2026-10-10 16:14:28.769930,0 days 00:00:01.357163,0.6791623057519635,0.024923877103043442,2,15.681554198694556,896,6.716168696790206,0.049524670659890344,0.8451564199716628,"{""colsample_bytree"": 0.6791623057519635, ""learning_rate"": 0.024923877103043442, ""max_depth"": 2, ""min_child_weight"": 15.681554198694556, ""n_estimators"": 896, ""reg_alpha"": 6.716168696790206, ""reg_lambda"": 0.049524670659890344, ""subsample"": 0.8451564199716628}",COMPLETE
22,0.15463001639690316,2026-10-10 16:14:28.769959,2026-10-10 16:14:29.433010,0 days 00:00:00.663051,0.7272210776078244,0.017006797131715164,2,12.971705233012653,488,4.348649597196471,0.03670888053040309,0.9074254506989917,"{""colsample_bytree"": 0.7272210776078244, ""learning_rate"": 0.017006797131715164, ""max_depth"": 2, ""min_child_weight"": 12.971705233012653, ""n_estimators"": 488, ""reg_alpha"": 4.348649597196471, ""reg_lambda"": 0.03670888053040309, ""subsample"": 0.9074254506989917}",COMPLETE
23,0.15715898115147114,2026-10-10 16:14:29.433061,2026-10-10 16:14:30.366273,0 days 00:00:00.933212,0.8057095720283005,0.03048449967329583,2,1.6303038788412199,824,7.919538440148244,0.09978831700442523,0.8730051874784079,"{""colsample_bytree"": 0.8057095720283005, ""learning_rate"": 0.03048449967329583, ""max_depth"": 2, ""min_child_weight"": 1.6303038788412199, ""n_estimators"": 824, ""reg_alpha"": 7.919538440148244, ""reg_lambda"": 0.09978831700442523, ""subsample"": 0.8730051874784079}",COMPLETE
24,0.16059860731939676,2026-10-10 16:14:30.366305,2026-10-10 16:14:31.302774,0 days 00:00:00.936469,0.7781292388068396,0.020665609263905992,2,8.472293034008567,787,2.633063937128177,0.05550661056115603,0.9413959489263581,"{""colsample_bytree"": 0.7781292388068396, ""learning_rate"": 0.020665609263905992, ""max_depth"": 2, ""min_child_weight"": 8.472293034008567, ""n_estimators"": 787, ""reg_alpha"": 2.633063937128177, ""reg_lambda"": 0.05550661056115603, ""subsample"": 0.9413959489263581}",COMPLETE
25,0.163287806774222,2026-10-10 16:14:31.302803,2026-10-10 16:14:32.642801,0 days 00:00:01.339998,0.7954158878251043,0.023816825967970533,3,7.451358509696185,827,5.918816693647195,0.06214031155753616,0.8121438941892763,"{""colsample_bytree"": 0.7954158878251043, ""learning_rate"": 0.023816825967970533, ""max_depth"": 3, ""min_child_weight"": 7.451358509696185, ""n_estimators"": 827, ""reg_alpha"": 5.918816693647195, ""reg_lambda"": 0.06214031155753616, ""subsample"": 0.8121438941892763}",COMPLETE
26,0.16489801524543307,2026-10-10 16:14:32.642831,2026-10-10 16:14:33.570195,0 days 00:00:00.927364,0.7780100402538521,0.022457685056682133,3,14.141044295653856,596,2.1413406260476715,0.08017005586136988,0.8173106603785917,"{""colsample_bytree"": 0.7780100402538521, ""learning_rate"": 0.022457685056682133, ""max_depth"": 3, ""min_child_weight"": 14.141044295653856, ""n_estimators"": 596, ""reg_alpha"": 2.1413406260476715, ""reg_lambda"": 0.08017005586136988, ""subsample"": 0.8173106603785917}",COMPLETE
27,0.1550983285760837,2026-10-10 16:14:33.570222,2026-10-10 16:14:34.355738,0 days 00:00:00.785516,0.6493588076918537,0.012468242504410433,2,5.698323260731911,646,7.304421285547141,0.02445302308808285,0.8101943811051345,"{""colsample_bytree"": 0.6493588076918537, ""learning_rate"": 0.012468242504410433, ""max_depth"": 2, ""min_child_weight"": 5.698323260731911, ""n_estimators"": 646, ""reg_alpha"": 7.304421285547141, ""reg_lambda"": 0.02445302308808285, ""subsample"": 0.8101943811051345}",COMPLETE
28,0.1549805047397032,2026-10-10 16:14:34.355768,2026-10-10 16:14:35.207883,0 days 00:00:00.852115,0.7369441581209302,0.012621268896913746,2,9.056133102798684,718,4.734052187867377,0.007120706729401191,0.8798126844948231,"{""colsample_bytree"": 0.7369441581209302, ""learning_rate"": 0.012621268896913746, ""max_depth"": 2, ""min_child_weight"": 9.056133102798684, ""n_estimators"": 718, ""reg_alpha"": 4.734052187867377, ""reg_lambda"": 0.007120706729401191, ""subsample"": 0.8798126844948231}",COMPLETE
29,0.15466623783805217,2026-10-10 16:14:35.207911,2026-10-10 16:14:36.033778,0 days 00:00:00.825867,0.8314841600372523,0.012206830427843587,2,6.792971839668503,684,5.2680090436197595,0.002910722805324633,0.8502143197711746,"{""colsample_bytree"": 0.8314841600372523, ""learning_rate"": 0.012206830427843587, ""max_depth"": 2, ""min_child_weight"": 6.792971839668503, ""n_estimators"": 684, ""reg_alpha"": 5.2680090436197595, ""reg_lambda"": 0.002910722805324633, ""subsample"": 0.8502143197711746}",COMPLETE
30,0.15869544634514382,2026-10-10 16:14:36.033806,2026-10-10 16:14:36.826741,0 days 00:00:00.792935,0.8073251664137266,0.017588557844386683,2,10.474071436155779,656,1.1632017680557083,0.006079836802640408,0.8388813285056973,"{""colsample_bytree"": 0.8073251664137266, ""learning_rate"": 0.017588557844386683, ""max_depth"": 2, ""min_child_weight"": 10.474071436155779, ""n_estimators"": 656, ""reg_alpha"": 1.1632017680557083, ""reg_lambda"": 0.006079836802640408, ""subsample"": 0.8388813285056973}",COMPLETE
31,0.1552004347234585,2026-10-10 16:14:36.826771,2026-10-10 16:14:37.530560,0 days 00:00:00.703789,0.609481998867174,0.017475330189607483,2,11.230379662861584,585,2.736813642351256,0.013146189143523888,0.8687732598151987,"{""colsample_bytree"": 0.609481998867174, ""learning_rate"": 0.017475330189607483, ""max_depth"": 2, ""min_child_weight"": 11.230379662861584, ""n_estimators"": 585, ""reg_alpha"": 2.736813642351256, ""reg_lambda"": 0.013146189143523888, ""subsample"": 0.8687732598151987}",COMPLETE
32,0.152837316959469,2026-10-10 16:14:37.530588,2026-10-10 16:14:38.238055,0 days 00:00:00.707467,0.646375555080956,0.010644171056947755,2,4.299427107546112,591,1.6620831823929942,0.00806281396732888,0.8075821585140036,"{""colsample_bytree"": 0.646375555080956, ""learning_rate"": 0.010644171056947755, ""max_depth"": 2, ""min_child_weight"": 4.299427107546112, ""n_estimators"": 591, ""reg_alpha"": 1.6620831823929942, ""reg_lambda"": 0.00806281396732888, ""subsample"": 0.8075821585140036}",COMPLETE
33,0.15797466646493014,2026-10-10 16:14:38.238085,2026-10-10 16:14:39.109450,0 days 00:00:00.871365,0.7744856909081331,0.018614912735662258,3,4.066492860713925,532,5.208055768668901,0.006925999696869357,0.8460251102224663,"{""colsample_bytree"": 0.7744856909081331, ""learning_rate"": 0.018614912735662258, ""max_depth"": 3, ""min_child_weight"": 4.066492860713925, ""n_estimators"": 532, ""reg_alpha"": 5.208055768668901, ""reg_lambda"": 0.006925999696869357, ""subsample"": 0.8460251102224663}",COMPLETE
34,0.1574242722461361,2026-10-10 16:14:39.109479,2026-10-10 16:14:40.044997,0 days 00:00:00.935518,0.7634108954104223,0.01911011320503483,2,16.42150350630522,793,7.773088343067255,0.001198717044512695,0.8683547750483742,"{""colsample_bytree"": 0.7634108954104223, ""learning_rate"": 0.01911011320503483, ""max_depth"": 2, ""min_child_weight"": 16.42150350630522, ""n_estimators"": 793, ""reg_alpha"": 7.773088343067255, ""reg_lambda"": 0.001198717044512695, ""subsample"": 0.8683547750483742}",COMPLETE
35,0.15371682390445332,2026-10-10 16:14:40.045024,2026-10-10 16:14:40.804754,0 days 00:00:00.759730,0.654227234060554,0.010665349322789404,2,8.957127801207733,622,1.4022928386066476,0.003876198642119866,0.7445105336482145,"{""colsample_bytree"": 0.654227234060554, ""learning_rate"": 0.010665349322789404, ""max_depth"": 2, ""min_child_weight"": 8.957127801207733, ""n_estimators"": 622, ""reg_alpha"": 1.4022928386066476, ""reg_lambda"": 0.003876198642119866, ""subsample"": 0.7445105336482145}",COMPLETE
36,0.1564993944555791,2026-10-10 16:14:40.804780,2026-10-10 16:14:41.432424,0 days 00:00:00.627644,0.6096528483321674,0.011191580863909688,2,18.754589455477962,519,1.0555480296464705,0.0028475713190761216,0.7494944683115147,"{""colsample_bytree"": 0.6096528483321674, ""learning_rate"": 0.011191580863909688, ""max_depth"": 2, ""min_child_weight"": 18.754589455477962, ""n_estimators"": 519, ""reg_alpha"": 1.0555480296464705, ""reg_lambda"": 0.0028475713190761216, ""subsample"": 0.7494944683115147}",COMPLETE
37,0.15243233199874384,2026-10-10 16:14:41.432451,2026-10-10 16:14:42.055868,0 days 00:00:00.623417,0.6943129257183714,0.01357034699436332,2,2.5246020913481537,494,2.646009138232311,0.004217722668762911,0.8785559540902963,"{""colsample_bytree"": 0.6943129257183714, ""learning_rate"": 0.01357034699436332, ""max_depth"": 2, ""min_child_weight"": 2.5246020913481537, ""n_estimators"": 494, ""reg_alpha"": 2.646009138232311, ""reg_lambda"": 0.004217722668762911, ""subsample"": 0.8785559540902963}",COMPLETE
38,0.1514995101574355,2026-10-10 16:14:42.055896,2026-10-10 16:14:42.656894,0 days 00:00:00.600998,0.7091990611254494,0.013443477053856904,2,3.5802820384126193,496,1.7225882832749764,0.007059130777022951,0.8941623165218741,"{""colsample_bytree"": 0.7091990611254494, ""learning_rate"": 0.013443477053856904, ""max_depth"": 2, ""min_child_weight"": 3.5802820384126193, ""n_estimators"": 496, ""reg_alpha"": 1.7225882832749764, ""reg_lambda"": 0.007059130777022951, ""subsample"": 0.8941623165218741}",COMPLETE
39,0.153144851024765,2026-10-10 16:14:42.656924,2026-10-10 16:14:43.279007,0 days 00:00:00.622083,0.7332335752307054,0.01670809688989853,2,11.195858982230899,427,3.0017291889616358,0.00695250954043983,0.9322620385259203,"{""colsample_bytree"": 0.7332335752307054, ""learning_rate"": 0.01670809688989853, ""max_depth"": 2, ""min_child_weight"": 11.195858982230899, ""n_estimators"": 427, ""reg_alpha"": 3.0017291889616358, ""reg_lambda"": 0.00695250954043983, ""subsample"": 0.9322620385259203}",COMPLETE
40,0.15368744147204866,2026-10-10 16:14:43.279041,2026-10-10 16:14:43.752924,0 days 00:00:00.473883,0.6575821721722648,0.012544472500258676,2,5.044662675228574,384,0.9745365181762722,0.0071894373423545856,0.8628526501566512,"{""colsample_bytree"": 0.6575821721722648, ""learning_rate"": 0.012544472500258676, ""max_depth"": 2, ""min_child_weight"": 5.044662675228574, ""n_estimators"": 384, ""reg_alpha"": 0.9745365181762722, ""reg_lambda"": 0.0071894373423545856, ""subsample"": 0.8628526501566512}",COMPLETE
41,0.15400356499807835,2026-10-10 16:14:43.752956,2026-10-10 16:14:44.225404,0 days 00:00:00.472448,0.7021986545439669,0.012581768852763226,2,7.215173426922019,399,1.5060680168655274,0.0187851908597817,0.8753134985995729,"{""colsample_bytree"": 0.7021986545439669, ""learning_rate"": 0.012581768852763226, ""max_depth"": 2, ""min_child_weight"": 7.215173426922019, ""n_estimators"": 399, ""reg_alpha"": 1.5060680168655274, ""reg_lambda"": 0.0187851908597817, ""subsample"": 0.8753134985995729}",COMPLETE
42,0.15402526911906161,2026-10-10 16:14:44.225432,2026-10-10 16:14:44.837307,0 days 00:00:00.611875,0.6974749882532092,0.014151606661853833,2,9.023681529790673,512,4.92853609125028,0.0038978736806853337,0.8616635183451475,"{""colsample_bytree"": 0.6974749882532092, ""learning_rate"": 0.014151606661853833, ""max_depth"": 2, ""min_child_weight"": 9.023681529790673, ""n_estimators"": 512, ""reg_alpha"": 4.92853609125028, ""reg_lambda"": 0.0038978736806853337, ""subsample"": 0.8616635183451475}",COMPLETE
43,0.1527951332759438,2026-10-10 16:14:44.837335,2026-10-10 16:14:45.618369,0 days 00:00:00.781034,0.6642463275729696,0.011957190214642763,2,6.238756413621248,657,0.8504223356835221,0.004224509136564013,0.930628592867032,"{""colsample_bytree"": 0.6642463275729696, ""learning_rate"": 0.011957190214642763, ""max_depth"": 2, ""min_child_weight"": 6.238756413621248, ""n_estimators"": 657, ""reg_alpha"": 0.8504223356835221, ""reg_lambda"": 0.004224509136564013, ""subsample"": 0.930628592867032}",COMPLETE
44,0.15604654215038674,2026-10-10 16:14:45.618397,2026-10-10 16:14:46.319830,0 days 00:00:00.701433,0.6967362621746274,0.018731213198285395,2,7.536751025174481,590,3.287839610457476,0.0014810545229416111,0.8399431059555694,"{""colsample_bytree"": 0.6967362621746274, ""learning_rate"": 0.018731213198285395, ""max_depth"": 2, ""min_child_weight"": 7.536751025174481, ""n_estimators"": 590, ""reg_alpha"": 3.287839610457476, ""reg_lambda"": 0.0014810545229416111, ""subsample"": 0.8399431059555694}",COMPLETE
45,0.15731164537873052,2026-10-10 16:14:46.319860,2026-10-10 16:14:47.239368,0 days 00:00:00.919508,0.686390890392882,0.01590386137012481,3,5.842664146397732,524,1.7715354641000831,0.014232912014714577,0.9475593221468017,"{""colsample_bytree"": 0.686390890392882, ""learning_rate"": 0.01590386137012481, ""max_depth"": 3, ""min_child_weight"": 5.842664146397732, ""n_estimators"": 524, ""reg_alpha"": 1.7715354641000831, ""reg_lambda"": 0.014232912014714577, ""subsample"": 0.9475593221468017}",COMPLETE
46,0.15238894906862582,2026-10-10 16:14:47.239396,2026-10-10 16:14:47.800028,0 days 00:00:00.560632,0.7128743292724774,0.017387784591995695,2,1.0087839974385728,449,1.638514948547403,0.010351143520344578,0.878515775023882,"{""colsample_bytree"": 0.7128743292724774, ""learning_rate"": 0.017387784591995695, ""max_depth"": 2, ""min_child_weight"": 1.0087839974385728, ""n_estimators"": 449, ""reg_alpha"": 1.638514948547403, ""reg_lambda"": 0.010351143520344578, ""subsample"": 0.878515775023882}",COMPLETE
