number,value,datetime_start,datetime_complete,duration,params_colsample_bytree,params_learning_rate,params_max_depth,params_min_child_weight,params_n_estimators,params_reg_alpha,params_reg_lambda,params_subsample,system_attrs_tpe:relative_params:0,state
47,0.15504083651434425,2026-10-10 16:14:47.800056,2026-10-10 16:14:48.333486,0 days 00:00:00.533430,0.7283277521188763,0.010566890757913157,2,4.691479580299788,438,1.6461391638840281,0.00680752502892965,0.844216095788425,"{""colsample_bytree"": 0.7283277521188763, ""learning_rate"": 0.010566890757913157, ""max_depth"": 2, ""min_child_weight"": 4.691479580299788, ""n_estimators"": 438, ""reg_alpha"": 1.6461391638840281, ""reg_lambda"": 0.00680752502892965, ""subsample"": 0.844216095788425}",COMPLETE
48,0.15297096873082555,2026-10-10 16:14:48.333513,2026-10-10 16:14:48.887225,0 days 00:00:00.553712,0.6801801193795487,0.017569552570730524,2,3.049830822949144,459,3.7320765063372883,0.003794222191609134,0.9130062645037393,"{""colsample_bytree"": 0.6801801193795487, ""learning_rate"": 0.017569552570730524, ""max_depth"": 2, ""min_child_weight"": 3.049830822949144, ""n_estimators"": 459, ""reg_alpha"": 3.7320765063372883, ""reg_lambda"": 0.003794222191609134, ""subsample"": 0.9130062645037393}",COMPLETE
49,0.1529422802652109,2026-10-10 16:14:48.887253,2026-10-10 16:14:49.613065,0 days 00:00:00.725812,0.7163442708186158,0.011905769251015866,2,5.650770876559486,605,3.4996977471885278,0.0070406957500111595,0.9386228598515601,"{""colsample_bytree"": 0.7163442708186158, ""learning_rate"": 0.011905769251015866, ""max_depth"": 2, ""min_child_weight"": 5.650770876559486, ""n_estimators"": 605, ""reg_alpha"": 3.4996977471885278, ""reg_lambda"": 0.0070406957500111595, ""subsample"": 0.9386228598515601}",COMPLETE
50,0.15263857917057025,2026-10-10 16:14:49.613095,2026-10-10 16:14:50.337646,0 days 00:00:00.724551,0.7711314222157484,0.011468681748471625,2,2.0768610797348996,582,2.2202103081167794,0.010581394038113506,0.8392161389166404,"{""colsample_bytree"": 0.7711314222157484, ""learning_rate"": 0.011468681748471625, ""max_depth"": 2, ""min_child_weight"": 2.0768610797348996, ""n_estimators"": 582, ""reg_alpha"": 2.2202103081167794, ""reg_lambda"": 0.010581394038113506, ""subsample"": 0.8392161389166404}",COMPLETE
51,0.15375494195667136,2026-10-10 16:14:50.337676,2026-10-10 16:14:51.002697,0 days 00:00:00.665021,0.7071210426621957,0.015412468608142708,2,4.011707869623152,547,0.933127371605984,0.0023392931657270875,0.8305202596660278,"{""colsample_bytree"": 0.7071210426621957, ""learning_rate"": 0.015412468608142708, ""max_depth"": 2, ""min_child_weight"": 4.011707869623152, ""n_estimators"": 547, ""reg_alpha"": 0.933127371605984, ""reg_lambda"": 0.0023392931657270875, ""subsample"": 0.8305202596660278}",COMPLETE
52,0.15335709052709892,2026-10-10 16:14:51.002727,2026-10-10 16:14:51.779345,0 days 00:00:00.776618,0.6400545655146377,0.010067009963408651,2,10.623601477004296,581,1.8102302218698292,0.005163120862477925,0.9429644088286027,"{""colsample_bytree"": 0.6400545655146377, ""learning_rate"": 0.010067009963408651, ""max_depth"": 2, ""min_child_weight"": 10.623601477004296, ""n_estimators"": 581, ""reg_alpha"": 1.8102302218698292, ""reg_lambda"": 0.005163120862477925, ""subsample"": 0.9429644088286027}",COMPLETE
53,0.15321338960966618,2026-10-10 16:14:51.779375,2026-10-10 16:14:52.405507,0 days 00:00:00.626132,0.6896694671884929,0.015821529419666337,2,2.5629224992100514,514,1.5861992872060215,0.00856821010615553,0.7974066902370598,"{""colsample_bytree"": 0.6896694671884929, ""learning_rate"": 0.015821529419666337, ""max_depth"": 2, ""min_child_weight"": 2.5629224992100514, ""n_estimators"": 514, ""reg_alpha"": 1.5861992872060215, ""reg_lambda"": 0.00856821010615553, ""subsample"": 0.7974066902370598}",COMPLETE
54,0.15408388202687048,2026-10-10 16:14:52.405537,2026-10-10 16:14:53.650353,0 days 00:00:01.244816,0.6760070748103921,0.014075984360779224,2,11.282910204526736,617,0.6663891483410125,0.002717941725466885,0.9455657612890759,"{""colsample_bytree"": 0.6760070748103921, ""learning_rate"": 0.014075984360779224, ""max_depth"": 2, ""min_child_weight"": 11.282910204526736, ""n_estimators"": 617, ""reg_alpha"": 0.6663891483410125, ""reg_lambda"": 0.002717941725466885, ""subsample"": 0.9455657612890759}",COMPLETE
55,0.151568537401062,2026-10-10 16:14:53.650413,2026-10-10 16:14:55.427214,0 days 00:00:01.776801,0.7655017980733594,0.012355017840768074,2,1.8504535084698985,538,0.5017548128477425,0.010726913283854316,0.8670972158876206,"{""colsample_bytree"": 0.7655017980733594, ""learning_rate"": 0.012355017840768074, ""max_depth"": 2, ""min_child_weight"": 1.8504535084698985, ""n_estimators"": 538, ""reg_alpha"": 0.5017548128477425, ""reg_lambda"": 0.010726913283854316, ""subsample"": 0.8670972158876206}",COMPLETE
56,0.1561129165069331,2026-10-10 16:14:55.427261,2026-10-10 16:14:56.214882,0 days 00:00:00.787621,0.7611529112471352,0.010371657071473247,2,5.342943508133212,460,4.496490354490852,0.01870273349074567,0.8667926374124739,"{""colsample_bytree"": 0.7611529112471352, ""learning_rate"": 0.010371657071473247, ""max_depth"": 2, ""min_child_weight"": 5.342943508133212, ""n_estimators"": 460, ""reg_alpha"": 4.496490354490852, ""reg_lambda"": 0.01870273349074567, ""subsample"": 0.8667926374124739}",COMPLETE
57,0.1526927048386694,2026-10-10 16:14:56.214910,2026-10-10 16:14:56.923883,0 days 00:00:00.708973,0.6893659944864676,0.01660084326506571,2,1.6379569657472297,461,3.6575127150765416,0.012779041279788447,0.886769676348809,"{""colsample_bytree"": 0.6893659944864676, ""learning_rate"": 0.01660084326506571, ""max_depth"": 2, ""min_child_weight"": 1.6379569657472297, ""n_estimators"": 461, ""reg_alpha"": 3.6575127150765416, ""reg_lambda"": 0.012779041279788447, ""subsample"": 0.886769676348809}",COMPLETE
58,0.15492711561570827,2026-10-10 16:14:56.923912,2026-10-10 16:14:57.955298,0 days 00:00:01.031386,0.7587182261438874,0.01793988768687665,2,4.772605477585529,537,0.858641957525685,0.006139765787512769,0.8605802146825828,"{""colsample_bytree"": 0.7587182261438874, ""learning_rate"": 0.01793988768687665, ""max_depth"": 2, ""min_child_weight"": 4.772605477585529, ""n_estimators"": 537, ""reg_alpha"": 0.858641957525685, ""reg_lambda"": 0.006139765787512769, ""subsample"": 0.8605802146825828}",COMPLETE
59,0.15163659619358932,2026-10-10 16:14:57.955716,2026-10-10 16:14:58.588078,0 days 00:00:00.632362,0.7417013771173524,0.014042296080031302,2,4.103644335468454,440,1.336687235383834,0.016241361989672094,0.9000273033765146,"{""colsample_bytree"": 0.7417013771173524, ""learning_rate"": 0.014042296080031302, ""max_depth"": 2, ""min_child_weight"": 4.103644335468454, ""n_estimators"": 440, ""reg_alpha"": 1.336687235383834, ""reg_lambda"": 0.016241361989672094, ""subsample"": 0.9000273033765146}",COMPLETE
60,0.15483264351654927,2026-10-10 16:14:58.588106,2026-10-10 16:14:59.172879,0 days 00:00:00.584773,0.7405655311018767,0.010216256927869208,2,7.395973868575474,444,1.0001092306492783,0.033836660943477405,0.9138588925115264,"{""colsample_bytree"": 0.7405655311018767, ""learning_rate"": 0.010216256927869208, ""max_depth"": 2, ""min_child_weight"": 7.395973868575474, ""n_estimators"": 444, ""reg_alpha"": 1.0001092306492783, ""reg_lambda"": 0.033836660943477405, ""subsample"": 0.9138588925115264}",COMPLETE
61,0.1560074088987197,2026-10-10 16:14:59.172910,2026-10-10 16:14:59.877415,0 days 00:00:00.704505,0.6502497723466586,0.021739764740241654,2,3.4368037805945195,555,2.4333415280146693,0.013226437760259804,0.9003875735568109,"{""colsample_bytree"": 0.6502497723466586, ""learning_rate"": 0.021739764740241654, ""max_depth"": 2, ""min_child_weight"": 3.4368037805945195, ""n_estimators"": 555, ""reg_alpha"": 2.4333415280146693, ""reg_lambda"": 0.013226437760259804, ""subsample"": 0.9003875735568109}",COMPLETE
62,0.1523058082229522,2026-10-10 16:14:59.877445,2026-10-10 16:15:00.643016,0 days 00:00:00.765571,0.7679805895561456,0.012857569232899827,2,3.849319878371912,565,0.49899417620550346,0.007823107800709366,0.8565943423897504,"{""colsample_bytree"": 0.7679805895561456, ""learning_rate"": 0.012857569232899827, ""max_depth"": 2, ""min_child_weight"": 3.849319878371912, ""n_estimators"": 565, ""reg_alpha"": 0.49899417620550346, ""reg_lambda"": 0.007823107800709366, ""subsample"": 0.8565943423897504}",COMPLETE
63,0.15351153728162842,2026-10-10 16:15:00.643056,2026-10-10 16:15:01.218163,0 days 00:00:00.575107,0.729022204854749,0.017433162255190485,2,7.575720373982231,456,3.934434955432902,0.012683927953110415,0.8895859019034162,"{""colsample_bytree"": 0.729022204854749, ""learning_rate"": 0.017433162255190485, ""max_depth"": 2, ""min_child_weight"": 7.575720373982231, ""n_estimators"": 456, ""reg_alpha"": 3.934434955432902, ""reg_lambda"": 0.012683927953110415, ""subsample"": 0.8895859019034162}",COMPLETE
64,0.15264947450438554,2026-10-10 16:15:01.218237,2026-10-10 16:15:02.262897,0 days 00:00:01.044660,0.8067204429067103,0.013450803587736926,2,1.30761277522046,614,1.2341480796603828,0.011279741699422165,0.8600649975944349,"{""colsample_bytree"": 0.8067204429067103, ""learning_rate"": 0.013450803587736926, ""max_depth"": 2, ""min_child_weight"": 1.30761277522046, ""n_estimators"": 614, ""reg_alpha"": 1.2341480796603828, ""reg_lambda"": 0.011279741699422165, ""subsample"": 0.8600649975944349}",COMPLETE
65,0.15211972682010488,2026-10-10 16:15:02.262927,2026-10-10 16:15:03.038113,0 days 00:00:00.775186,0.752763057710949,0.013628580606953553,2,7.307802195782887,465,0.48088988387381465,0.004818206112372703,0.8561208906308971,"{""colsample_bytree"": 0.752763057710949, ""learning_rate"": 0.013628580606953553, ""max_depth"": 2, ""min_child_weight"": 7.307802195782887, ""n_estimators"": 465, ""reg_alpha"": 0.48088988387381465, ""reg_lambda"": 0.004818206112372703, ""subsample"": 0.8561208906308971}",COMPLETE
66,0.15181329865351717,2026-10-10 16:15:03.038155,2026-10-10 16:15:03.686200,0 days 00:00:00.648045,0.7024893555436169,0.0173122939756539,2,2.058029603718106,462,0.9785385772855207,0.0098602804632263,0.9409826415766818,"{""colsample_bytree"": 0.7024893555436169, ""learning_rate"": 0.0173122939756539, ""max_depth"": 2, ""min_child_weight"": 2.058029603718106, ""n_estimators"": 462, ""reg_alpha"": 0.9785385772855207, ""reg_lambda"": 0.0098602804632263, ""subsample"": 0.9409826415766818}",COMPLETE
67,0.15156873931962186,2026-10-10 16:15:03.686235,2026-10-10 16:15:04.383070,0 days 00:00:00.696835,0.7861015636467278,0.013295567831342203,2,3.7440886197868126,515,0.36722742038760847,0.008310717527295092,0.881208079176513,"{""colsample_bytree"": 0.7861015636467278, ""learning_rate"": 0.013295567831342203, ""max_depth"": 2, ""min_child_weight"": 3.7440886197868126, ""n_estimators"": 515, ""reg_alpha"": 0.36722742038760847, ""reg_lambda"": 0.008310717527295092, ""subsample"": 0.881208079176513}",COMPLETE
68,0.15290016559965486,2026-10-10 16:15:04.383099,2026-10-10 16:15:05.243035,0 days 00:00:00.859936,0.7785030063870713,0.012482121098930822,2,4.672390933288439,581,0.3174087110168095,0.006090361836215662,0.8658358537710734,"{""colsample_bytree"": 0.7785030063870713, ""learning_rate"": 0.012482121098930822, ""max_depth"": 2, ""min_child_weight"": 4.672390933288439, ""n_estimators"": 581, ""reg_alpha"": 0.3174087110168095, ""reg_lambda"": 0.006090361836215662, ""subsample"": 0.8658358537710734}",COMPLETE
69,0.1510855043517522,2026-10-10 16:15:05.243090,2026-10-10 16:15:05.758758,0 days 00:00:00.515668,0.6754279398039361,0.015617691738731329,2,3.24636291738429,394,1.1527181430789475,0.031090603954455336,0.9476440707630429,"{""colsample_bytree"": 0.6754279398039361, ""learning_rate"": 0.015617691738731329, ""max_depth"": 2, ""min_child_weight"": 3.24636291738429, ""n_estimators"": 394, ""reg_alpha"": 1.1527181430789475, ""reg_lambda"": 0.031090603954455336, ""subsample"": 0.9476440707630429}",COMPLETE
70,0.1521430167579069,2026-10-10 16:15:05.758785,2026-10-10 16:15:06.342645,0 days 00:00:00.583860,0.7856543097866516,0.01601206787709132,2,6.924086835709339,451,1.2710884777550298,0.00626493520817535,0.9423053987716936,"{""colsample_bytree"": 0.7856543097866516, ""learning_rate"": 0.01601206787709132, ""max_depth"": 2, ""min_child_weight"": 6.924086835709339, ""n_estimators"": 451, ""reg_alpha"": 1.2710884777550298, ""reg_lambda"": 0.00626493520817535, ""subsample"": 0.9423053987716936}",COMPLETE
71,0.1533717186821048,2026-10-10 16:15:06.342673,2026-10-10 16:15:07.037726,0 days 00:00:00.695053,0.7565689071841518,0.011351082178356918,2,2.9174287594661577,497,3.4905200260847375,0.006578577169091986,0.8894084424733331,"{""colsample_bytree"": 0.7565689071841518, ""learning_rate"": 0.011351082178356918, ""max_depth"": 2, ""min_child_weight"": 2.9174287594661577, ""n_estimators"": 497, ""reg_alpha"": 3.4905200260847375, ""reg_lambda"": 0.006578577169091986, ""subsample"": 0.8894084424733331}",COMPLETE
72,0.1523572678768768,2026-10-10 16:15:07.037754,2026-10-10 16:15:07.739327,0 days 00:00:00.701573,0.7193227498473956,0.010248316693074508,2,4.911938557180402,529,0.8904496577421951,0.012240957846112803,0.8723631873181731,"{""colsample_bytree"": 0.7193227498473956, ""learning_rate"": 0.010248316693074508, ""max_depth"": 2, ""min_child_weight"": 4.911938557180402, ""n_estimators"": 529, ""reg_alpha"": 0.8904496577421951, ""reg_lambda"": 0.012240957846112803, ""subsample"": 0.8723631873181731}",COMPLETE
73,0.15268689457737933,2026-10-10 16:15:07.739354,2026-10-10 16:15:08.500924,0 days 00:00:00.761570,0.7341025712275465,0.013761253634505706,2,2.5102681692923445,584,0.5972818537928033,0.019162698424087556,0.8805301468988708,"{""colsample_bytree"": 0.7341025712275465, ""learning_rate"": 0.013761253634505706, ""max_depth"": 2, ""min_child_weight"": 2.5102681692923445, ""n_estimators"": 584, ""reg_alpha"": 0.5972818537928033, ""reg_lambda"": 0.019162698424087556, ""subsample"": 0.8805301468988708}",COMPLETE
74,0.15205898136230803,2026-10-10 16:15:08.500952,2026-10-10 16:15:09.165080,0 days 00:00:00.664128,0.724094621027392,0.011639480144238497,2,2.5422240292974077,473,0.42843465441963446,0.01914950374813332,0.8846445814210343,"{""colsample_bytree"": 0.724094621027392, ""learning_rate"": 0.011639480144238497, ""max_depth"": 2, ""min_child_weight"": 2.5422240292974077, ""n_estimators"": 473, ""reg_alpha"": 0.42843465441963446, ""reg_lambda"": 0.01914950374813332, ""subsample"": 0.8846445814210343}",COMPLETE
75,0.15235087851807566,2026-10-10 16:15:09.165111,2026-10-10 16:15:09.794694,0 days 00:00:00.629583,0.7501383188608238,0.012117287663139914,2,3.960777699745952,438,0.4614864596938611,0.019858303416759385,0.8676604706788325,"{""colsample_bytree"": 0.7501383188608238, ""learning_rate"": 0.012117287663139914, ""max_depth"": 2, ""min_child_weight"": 3.960777699745952, ""n_estimators"": 438, ""reg_alpha"": 0.4614864596938611, ""reg_lambda"": 0.019858303416759385, ""subsample"": 0.8676604706788325}",COMPLETE
76,0.15188131593830007,2026-10-10 16:15:09.794734,2026-10-10 16:15:10.598448,0 days 00:00:00.803714,0.7499239837529885,0.010519640561889197,2,1.743769218492864,516,0.34016472042610807,0.018563451783683856,0.8505482513058699,"{""colsample_bytree"": 0.7499239837529885, ""learning_rate"": 0.010519640561889197, ""max_depth"": 2, ""min_child_weight"": 1.743769218492864, ""n_estimators"": 516, ""reg_alpha"": 0.34016472042610807, ""reg_lambda"": 0.018563451783683856, ""subsample"": 0.8505482513058699}",COMPLETE
77,0.15207136710347155,2026-10-10 16:15:10.598480,2026-10-10 16:15:11.154503,0 days 00:00:00.556023,0.7787789658191587,0.015162379766744621,2,3.8236138686740726,444,0.3794906621774667,0.005238532638165111,0.884391475938703,"{""colsample_bytree"": 0.7787789658191587, ""learning_rate"": 0.015162379766744621, ""max_depth"": 2, ""min_child_weight"": 3.8236138686740726, ""n_estimators"": 444, ""reg_alpha"": 0.3794906621774667, ""reg_lambda"": 0.005238532638165111, ""subsample"": 0.884391475938703}",COMPLETE
78,0.15146500842497473,2026-10-10 16:15:11.154536,2026-10-10 16:15:11.831390,0 days 00:00:00.676854,0.7791330179591663,0.012082500931360395,2,1.1832757317093447,495,0.49760000658011344,0.02128623658639524,0.8763179010043051,"{""colsample_bytree"": 0.7791330179591663, ""learning_rate"": 0.012082500931360395, ""max_depth"": 2, ""min_child_weight"": 1.1832757317093447, ""n_estimators"": 495, ""reg_alpha"": 0.49760000658011344, ""reg_lambda"": 0.02128623658639524, ""subsample"": 0.8763179010043051}",COMPLETE
79,0.15207761916652202,2026-10-10 16:15:11.831420,2026-10-10 16:15:12.417232,0 days 00:00:00.585812,0.7380564112131015,0.01768855837897823,2,4.763405048558458,411,1.005441861750417,0.014746709991924735,0.9321659862427056,"{""colsample_bytree"": 0.7380564112131015, ""learning_rate"": 0.01768855837897823, ""max_depth"": 2, ""min_child_weight"": 4.763405048558458, ""n_estimators"": 411, ""reg_alpha"": 1.005441861750417, ""reg_lambda"": 0.014746709991924735, ""subsample"": 0.9321659862427056}",COMPLETE
80,0.15662531528741558,2026-10-10 16:15:12.417261,2026-10-10 16:15:13.003598,0 days 00:00:00.586337,0.7734724684568092,0.010084354273190562,2,3.0040374334395805,414,0.28936095179169247,0.028513890294663016,0.8456816739757581,"{""colsample_bytree"": 0.7734724684568092, ""learning_rate"": 0.010084354273190562, ""max_depth"": 2, ""min_child_weight"": 3.0040374334395805, ""n_estimators"": 414, ""reg_alpha"": 0.28936095179169247, ""reg_lambda"": 0.028513890294663016, ""subsample"": 0.8456816739757581}",COMPLETE
81,0.15477442731937896,2026-10-10 16:15:13.003627,2026-10-10 16:15:13.787167,0 days 00:00:00.783540,0.75425013019715,0.015720665327801607,2,4.6728982036923385,577,0.2919985641998338,0.014459040480148221,0.866478962725305,"{""colsample_bytree"": 0.75425013019715, ""learning_rate"": 0.015720665327801607, ""max_depth"": 2, ""min_child_weight"": 4.6728982036923385, ""n_estimators"": 577, ""reg_alpha"": 0.2919985641998338, ""reg_lambda"": 0.014459040480148221, ""subsample"": 0.866478962725305}",COMPLETE
82,0.15103329380960084,2026-10-10 16:15:13.787199,2026-10-10 16:15:14.448911,0 days 00:00:00.661712,0.7282624317025882,0.013500806041339143,2,3.6856962590029836,513,0.557040449483338,0.005149383194372934,0.8958604459771349,"{""colsample_bytree"": 0.7282624317025882, ""learning_rate"": 0.013500806041339143, ""max_depth"": 2, ""min_child_weight"": 3.6856962590029836, ""n_estimators"": 513, ""reg_alpha"": 0.557040449483338, ""reg_lambda"": 0.005149383194372934, ""subsample"": 0.8958604459771349}",COMPLETE
83,0.15195394416556934,2026-10-10 16:15:14.448941,2026-10-10 16:15:15.095445,0 days 00:00:00.646504,0.788442763678188,0.01384316595495175,2,3.4337133043109778,544,0.19072388598600215,0.011337319462920655,0.8897684540690073,"{""colsample_bytree"": 0.788442763678188, ""learning_rate"": 0.01384316595495175, ""max_depth"": 2, ""min_child_weight"": 3.4337133043109778, ""n_estimators"": 544, ""reg_alpha"": 0.19072388598600215, ""reg_lambda"": 0.011337319462920655, ""subsample"": 0.8897684540690073}",COMPLETE
84,0.15359619872794453,2026-10-10 16:15:15.095498,2026-10-10 16:15:15.707439,0 days 00:00:00.611941,0.6895135118618824,0.017514063075407444,2,5.523700453054724,483,1.4838201461814233,0.002918469650767424,0.8896474984731667,"{""colsample_bytree"": 0.6895135118618824, ""learning_rate"": 0.017514063075407444, ""max_depth"": 2, ""min_child_weight"": 5.523700453054724, ""n_estimators"": 483, ""reg_alpha"": 1.4838201461814233, ""reg_lambda"": 0.002918469650767424, ""subsample"": 0.8896474984731667}",COMPLETE
85,0.1517976682288466,2026-10-10 16:15:15.707467,2026-10-10 16:15:16.558357,0 days 00:00:00.850890,0.7172552019676208,0.010235138045290366,2,2.011779456796121,553,0.40314322685872855,0.021550842006468306,0.8568382901233267,"{""colsample_bytree"": 0.7172552019676208, ""learning_rate"": 0.010235138045290366, ""max_depth"": 2, ""min_child_weight"": 2.011779456796121, ""n_estimators"": 553, ""reg_alpha"": 0.40314322685872855, ""reg_lambda"": 0.021550842006468306, ""subsample"": 0.8568382901233267}",COMPLETE
86,0.1525605974201781,2026-10-10 16:15:16.558393,2026-10-10 16:15:17.132851,0 days 00:00:00.574458,0.7773387678491922,0.010290581983965721,2,1.5366193101339334,478,0.3862595517092729,0.03542631511587992,0.903679899324231,"{""colsample_bytree"": 0.7773387678491922, ""learning_rate"": 0.010290581983965721, ""max_depth"": 2, ""min_child_weight"": 1.5366193101339334, ""n_estimators"": 478, ""reg_alpha"": 0.3862595517092729, ""reg_lambda"": 0.03542631511587992, ""subsample"": 0.903679899324231}",COMPLETE
87,0.15143841768251495,2026-10-10 16:15:17.132880,2026-10-10 16:15:17.663199,0 days 00:00:00.530319,0.7258688052311989,0.014037318325811966,2,4.053787928188805,459,1.2480098084376003,0.00941438877527767,0.9010224351423276,"{""colsample_bytree"": 0.7258688052311989, ""learning_rate"": 0.014037318325811966, ""max_depth"": 2, ""min_child_weight"": 4.053787928188805, ""n_estimators"": 459, ""reg_alpha"": 1.2480098084376003, ""reg_lambda"": 0.00941438877527767, ""subsample"": 0.9010224351423276}",COMPLETE
88,0.1538434214768206,2026-10-10 16:15:17.663229,2026-10-10 16:15:18.301262,0 days 00:00:00.638033,0.7617478788958888,0.015686190304428412,2,4.882300712008547,537,0.474764759305337,0.016888300393621308,0.8394785958223943,"{""colsample_bytree"": 0.7617478788958888, ""learning_rate"": 0.015686190304428412, ""max_depth"": 2, ""min_child_weight"": 4.882300712008547, ""n_estimators"": 537, ""reg_alpha"": 0.474764759305337, ""reg_lambda"": 0.016888300393621308, ""subsample"": 0.8394785958223943}",COMPLETE
